0 info it worked if it ends with ok
1 verbose cli [ 'node', '/usr/local/bin/npm', 'install' ]
2 info using npm@1.4.28
3 info using node@v0.10.33
4 verbose readDependencies using package.json deps
5 verbose install where, deps [ '/Users/liyuhua/petApp',
5 verbose install   [ 'autoprefixer-core',
5 verbose install     'browser-sync',
5 verbose install     'del',
5 verbose install     'gulp',
5 verbose install     'gulp-cache',
5 verbose install     'gulp-csso',
5 verbose install     'gulp-if',
5 verbose install     'gulp-imagemin',
5 verbose install     'gulp-jshint',
5 verbose install     'gulp-load-plugins',
5 verbose install     'gulp-minify-html',
5 verbose install     'gulp-postcss',
5 verbose install     'gulp-sass',
5 verbose install     'gulp-size',
5 verbose install     'gulp-sourcemaps',
5 verbose install     'gulp-uglify',
5 verbose install     'gulp-useref',
5 verbose install     'jshint-stylish',
5 verbose install     'main-bower-files',
5 verbose install     'opn',
5 verbose install     'wiredep' ] ]
6 info preinstall @
7 verbose readDependencies using package.json deps
8 verbose cache add [ 'del@^1.1.1', null ]
9 verbose cache add name=undefined spec="del@^1.1.1" args=["del@^1.1.1",null]
10 verbose parsed url { protocol: null,
10 verbose parsed url   slashes: null,
10 verbose parsed url   auth: null,
10 verbose parsed url   host: null,
10 verbose parsed url   port: null,
10 verbose parsed url   hostname: null,
10 verbose parsed url   hash: null,
10 verbose parsed url   search: null,
10 verbose parsed url   query: null,
10 verbose parsed url   pathname: 'del@^1.1.1',
10 verbose parsed url   path: 'del@^1.1.1',
10 verbose parsed url   href: 'del@^1.1.1' }
11 verbose cache add [ 'gulp@^3.6.0', null ]
12 verbose cache add name=undefined spec="gulp@^3.6.0" args=["gulp@^3.6.0",null]
13 verbose parsed url { protocol: null,
13 verbose parsed url   slashes: null,
13 verbose parsed url   auth: null,
13 verbose parsed url   host: null,
13 verbose parsed url   port: null,
13 verbose parsed url   hostname: null,
13 verbose parsed url   hash: null,
13 verbose parsed url   search: null,
13 verbose parsed url   query: null,
13 verbose parsed url   pathname: 'gulp@^3.6.0',
13 verbose parsed url   path: 'gulp@^3.6.0',
13 verbose parsed url   href: 'gulp@^3.6.0' }
14 verbose cache add name="del" spec="^1.1.1" args=["del","^1.1.1"]
15 verbose parsed url { protocol: null,
15 verbose parsed url   slashes: null,
15 verbose parsed url   auth: null,
15 verbose parsed url   host: null,
15 verbose parsed url   port: null,
15 verbose parsed url   hostname: null,
15 verbose parsed url   hash: null,
15 verbose parsed url   search: null,
15 verbose parsed url   query: null,
15 verbose parsed url   pathname: '^1.1.1',
15 verbose parsed url   path: '^1.1.1',
15 verbose parsed url   href: '^1.1.1' }
16 verbose addNamed [ 'del', '^1.1.1' ]
17 verbose addNamed [ null, '>=1.1.1-0 <2.0.0-0' ]
18 verbose cache add [ 'gulp-cache@^0.2.2', null ]
19 verbose cache add name=undefined spec="gulp-cache@^0.2.2" args=["gulp-cache@^0.2.2",null]
20 verbose parsed url { protocol: null,
20 verbose parsed url   slashes: null,
20 verbose parsed url   auth: null,
20 verbose parsed url   host: null,
20 verbose parsed url   port: null,
20 verbose parsed url   hostname: null,
20 verbose parsed url   hash: null,
20 verbose parsed url   search: null,
20 verbose parsed url   query: null,
20 verbose parsed url   pathname: 'gulp-cache@^0.2.2',
20 verbose parsed url   path: 'gulp-cache@^0.2.2',
20 verbose parsed url   href: 'gulp-cache@^0.2.2' }
21 verbose cache add name="gulp" spec="^3.6.0" args=["gulp","^3.6.0"]
22 verbose parsed url { protocol: null,
22 verbose parsed url   slashes: null,
22 verbose parsed url   auth: null,
22 verbose parsed url   host: null,
22 verbose parsed url   port: null,
22 verbose parsed url   hostname: null,
22 verbose parsed url   hash: null,
22 verbose parsed url   search: null,
22 verbose parsed url   query: null,
22 verbose parsed url   pathname: '^3.6.0',
22 verbose parsed url   path: '^3.6.0',
22 verbose parsed url   href: '^3.6.0' }
23 verbose addNamed [ 'gulp', '^3.6.0' ]
24 verbose addNamed [ null, '>=3.6.0-0 <4.0.0-0' ]
25 silly lockFile 7493aa52-del-1-1-1 del@^1.1.1
26 verbose lock del@^1.1.1 /Users/liyuhua/.npm/7493aa52-del-1-1-1.lock
27 silly lockFile 75cdcb5c-gulp-3-6-0 gulp@^3.6.0
28 verbose lock gulp@^3.6.0 /Users/liyuhua/.npm/75cdcb5c-gulp-3-6-0.lock
29 verbose cache add [ 'gulp-csso@^0.2.6', null ]
30 verbose cache add name=undefined spec="gulp-csso@^0.2.6" args=["gulp-csso@^0.2.6",null]
31 verbose parsed url { protocol: null,
31 verbose parsed url   slashes: null,
31 verbose parsed url   auth: null,
31 verbose parsed url   host: null,
31 verbose parsed url   port: null,
31 verbose parsed url   hostname: null,
31 verbose parsed url   hash: null,
31 verbose parsed url   search: null,
31 verbose parsed url   query: null,
31 verbose parsed url   pathname: 'gulp-csso@^0.2.6',
31 verbose parsed url   path: 'gulp-csso@^0.2.6',
31 verbose parsed url   href: 'gulp-csso@^0.2.6' }
32 verbose cache add [ 'gulp-if@^1.2.1', null ]
33 verbose cache add name=undefined spec="gulp-if@^1.2.1" args=["gulp-if@^1.2.1",null]
34 verbose parsed url { protocol: null,
34 verbose parsed url   slashes: null,
34 verbose parsed url   auth: null,
34 verbose parsed url   host: null,
34 verbose parsed url   port: null,
34 verbose parsed url   hostname: null,
34 verbose parsed url   hash: null,
34 verbose parsed url   search: null,
34 verbose parsed url   query: null,
34 verbose parsed url   pathname: 'gulp-if@^1.2.1',
34 verbose parsed url   path: 'gulp-if@^1.2.1',
34 verbose parsed url   href: 'gulp-if@^1.2.1' }
35 verbose cache add name="gulp-cache" spec="^0.2.2" args=["gulp-cache","^0.2.2"]
36 verbose parsed url { protocol: null,
36 verbose parsed url   slashes: null,
36 verbose parsed url   auth: null,
36 verbose parsed url   host: null,
36 verbose parsed url   port: null,
36 verbose parsed url   hostname: null,
36 verbose parsed url   hash: null,
36 verbose parsed url   search: null,
36 verbose parsed url   query: null,
36 verbose parsed url   pathname: '^0.2.2',
36 verbose parsed url   path: '^0.2.2',
36 verbose parsed url   href: '^0.2.2' }
37 verbose addNamed [ 'gulp-cache', '^0.2.2' ]
38 verbose addNamed [ null, '>=0.2.2-0 <0.3.0-0' ]
39 silly lockFile 0ef37593-gulp-cache-0-2-2 gulp-cache@^0.2.2
40 verbose lock gulp-cache@^0.2.2 /Users/liyuhua/.npm/0ef37593-gulp-cache-0-2-2.lock
41 verbose cache add name="gulp-csso" spec="^0.2.6" args=["gulp-csso","^0.2.6"]
42 verbose parsed url { protocol: null,
42 verbose parsed url   slashes: null,
42 verbose parsed url   auth: null,
42 verbose parsed url   host: null,
42 verbose parsed url   port: null,
42 verbose parsed url   hostname: null,
42 verbose parsed url   hash: null,
42 verbose parsed url   search: null,
42 verbose parsed url   query: null,
42 verbose parsed url   pathname: '^0.2.6',
42 verbose parsed url   path: '^0.2.6',
42 verbose parsed url   href: '^0.2.6' }
43 verbose addNamed [ 'gulp-csso', '^0.2.6' ]
44 verbose addNamed [ null, '>=0.2.6-0 <0.3.0-0' ]
45 silly lockFile 0b1a22cf-gulp-csso-0-2-6 gulp-csso@^0.2.6
46 verbose lock gulp-csso@^0.2.6 /Users/liyuhua/.npm/0b1a22cf-gulp-csso-0-2-6.lock
47 verbose cache add [ 'gulp-imagemin@^2.0.0', null ]
48 verbose cache add name=undefined spec="gulp-imagemin@^2.0.0" args=["gulp-imagemin@^2.0.0",null]
49 verbose parsed url { protocol: null,
49 verbose parsed url   slashes: null,
49 verbose parsed url   auth: null,
49 verbose parsed url   host: null,
49 verbose parsed url   port: null,
49 verbose parsed url   hostname: null,
49 verbose parsed url   hash: null,
49 verbose parsed url   search: null,
49 verbose parsed url   query: null,
49 verbose parsed url   pathname: 'gulp-imagemin@^2.0.0',
49 verbose parsed url   path: 'gulp-imagemin@^2.0.0',
49 verbose parsed url   href: 'gulp-imagemin@^2.0.0' }
50 verbose cache add name="gulp-if" spec="^1.2.1" args=["gulp-if","^1.2.1"]
51 verbose parsed url { protocol: null,
51 verbose parsed url   slashes: null,
51 verbose parsed url   auth: null,
51 verbose parsed url   host: null,
51 verbose parsed url   port: null,
51 verbose parsed url   hostname: null,
51 verbose parsed url   hash: null,
51 verbose parsed url   search: null,
51 verbose parsed url   query: null,
51 verbose parsed url   pathname: '^1.2.1',
51 verbose parsed url   path: '^1.2.1',
51 verbose parsed url   href: '^1.2.1' }
52 verbose addNamed [ 'gulp-if', '^1.2.1' ]
53 verbose addNamed [ null, '>=1.2.1-0 <2.0.0-0' ]
54 silly lockFile 0fe6c0cf-gulp-if-1-2-1 gulp-if@^1.2.1
55 verbose lock gulp-if@^1.2.1 /Users/liyuhua/.npm/0fe6c0cf-gulp-if-1-2-1.lock
56 silly addNameRange { name: 'del', range: '>=1.1.1-0 <2.0.0-0', hasData: false }
57 silly addNameRange { name: 'gulp', range: '>=3.6.0-0 <4.0.0-0', hasData: false }
58 verbose cache add [ 'gulp-jshint@^1.5.3', null ]
59 verbose cache add name=undefined spec="gulp-jshint@^1.5.3" args=["gulp-jshint@^1.5.3",null]
60 verbose parsed url { protocol: null,
60 verbose parsed url   slashes: null,
60 verbose parsed url   auth: null,
60 verbose parsed url   host: null,
60 verbose parsed url   port: null,
60 verbose parsed url   hostname: null,
60 verbose parsed url   hash: null,
60 verbose parsed url   search: null,
60 verbose parsed url   query: null,
60 verbose parsed url   pathname: 'gulp-jshint@^1.5.3',
60 verbose parsed url   path: 'gulp-jshint@^1.5.3',
60 verbose parsed url   href: 'gulp-jshint@^1.5.3' }
61 verbose cache add [ 'gulp-load-plugins@^0.8.0', null ]
62 verbose cache add name=undefined spec="gulp-load-plugins@^0.8.0" args=["gulp-load-plugins@^0.8.0",null]
63 verbose parsed url { protocol: null,
63 verbose parsed url   slashes: null,
63 verbose parsed url   auth: null,
63 verbose parsed url   host: null,
63 verbose parsed url   port: null,
63 verbose parsed url   hostname: null,
63 verbose parsed url   hash: null,
63 verbose parsed url   search: null,
63 verbose parsed url   query: null,
63 verbose parsed url   pathname: 'gulp-load-plugins@^0.8.0',
63 verbose parsed url   path: 'gulp-load-plugins@^0.8.0',
63 verbose parsed url   href: 'gulp-load-plugins@^0.8.0' }
64 verbose cache add [ 'gulp-minify-html@^0.1.6', null ]
65 verbose cache add name=undefined spec="gulp-minify-html@^0.1.6" args=["gulp-minify-html@^0.1.6",null]
66 verbose parsed url { protocol: null,
66 verbose parsed url   slashes: null,
66 verbose parsed url   auth: null,
66 verbose parsed url   host: null,
66 verbose parsed url   port: null,
66 verbose parsed url   hostname: null,
66 verbose parsed url   hash: null,
66 verbose parsed url   search: null,
66 verbose parsed url   query: null,
66 verbose parsed url   pathname: 'gulp-minify-html@^0.1.6',
66 verbose parsed url   path: 'gulp-minify-html@^0.1.6',
66 verbose parsed url   href: 'gulp-minify-html@^0.1.6' }
67 verbose cache add [ 'gulp-postcss@^3.0.0', null ]
68 verbose cache add name=undefined spec="gulp-postcss@^3.0.0" args=["gulp-postcss@^3.0.0",null]
69 verbose parsed url { protocol: null,
69 verbose parsed url   slashes: null,
69 verbose parsed url   auth: null,
69 verbose parsed url   host: null,
69 verbose parsed url   port: null,
69 verbose parsed url   hostname: null,
69 verbose parsed url   hash: null,
69 verbose parsed url   search: null,
69 verbose parsed url   query: null,
69 verbose parsed url   pathname: 'gulp-postcss@^3.0.0',
69 verbose parsed url   path: 'gulp-postcss@^3.0.0',
69 verbose parsed url   href: 'gulp-postcss@^3.0.0' }
70 verbose cache add [ 'gulp-sass@^1.3.3', null ]
71 verbose cache add name=undefined spec="gulp-sass@^1.3.3" args=["gulp-sass@^1.3.3",null]
72 verbose parsed url { protocol: null,
72 verbose parsed url   slashes: null,
72 verbose parsed url   auth: null,
72 verbose parsed url   host: null,
72 verbose parsed url   port: null,
72 verbose parsed url   hostname: null,
72 verbose parsed url   hash: null,
72 verbose parsed url   search: null,
72 verbose parsed url   query: null,
72 verbose parsed url   pathname: 'gulp-sass@^1.3.3',
72 verbose parsed url   path: 'gulp-sass@^1.3.3',
72 verbose parsed url   href: 'gulp-sass@^1.3.3' }
73 verbose cache add [ 'gulp-size@^1.1.0', null ]
74 verbose cache add name=undefined spec="gulp-size@^1.1.0" args=["gulp-size@^1.1.0",null]
75 verbose parsed url { protocol: null,
75 verbose parsed url   slashes: null,
75 verbose parsed url   auth: null,
75 verbose parsed url   host: null,
75 verbose parsed url   port: null,
75 verbose parsed url   hostname: null,
75 verbose parsed url   hash: null,
75 verbose parsed url   search: null,
75 verbose parsed url   query: null,
75 verbose parsed url   pathname: 'gulp-size@^1.1.0',
75 verbose parsed url   path: 'gulp-size@^1.1.0',
75 verbose parsed url   href: 'gulp-size@^1.1.0' }
76 verbose cache add [ 'gulp-sourcemaps@^1.3.0', null ]
77 verbose cache add name=undefined spec="gulp-sourcemaps@^1.3.0" args=["gulp-sourcemaps@^1.3.0",null]
78 verbose parsed url { protocol: null,
78 verbose parsed url   slashes: null,
78 verbose parsed url   auth: null,
78 verbose parsed url   host: null,
78 verbose parsed url   port: null,
78 verbose parsed url   hostname: null,
78 verbose parsed url   hash: null,
78 verbose parsed url   search: null,
78 verbose parsed url   query: null,
78 verbose parsed url   pathname: 'gulp-sourcemaps@^1.3.0',
78 verbose parsed url   path: 'gulp-sourcemaps@^1.3.0',
78 verbose parsed url   href: 'gulp-sourcemaps@^1.3.0' }
79 verbose cache add name="gulp-imagemin" spec="^2.0.0" args=["gulp-imagemin","^2.0.0"]
80 verbose parsed url { protocol: null,
80 verbose parsed url   slashes: null,
80 verbose parsed url   auth: null,
80 verbose parsed url   host: null,
80 verbose parsed url   port: null,
80 verbose parsed url   hostname: null,
80 verbose parsed url   hash: null,
80 verbose parsed url   search: null,
80 verbose parsed url   query: null,
80 verbose parsed url   pathname: '^2.0.0',
80 verbose parsed url   path: '^2.0.0',
80 verbose parsed url   href: '^2.0.0' }
81 verbose addNamed [ 'gulp-imagemin', '^2.0.0' ]
82 verbose addNamed [ null, '>=2.0.0-0 <3.0.0-0' ]
83 silly lockFile c8d5d04f-gulp-imagemin-2-0-0 gulp-imagemin@^2.0.0
84 verbose lock gulp-imagemin@^2.0.0 /Users/liyuhua/.npm/c8d5d04f-gulp-imagemin-2-0-0.lock
85 silly addNameRange { name: 'gulp-cache',
85 silly addNameRange   range: '>=0.2.2-0 <0.3.0-0',
85 silly addNameRange   hasData: false }
86 silly addNameRange { name: 'gulp-csso',
86 silly addNameRange   range: '>=0.2.6-0 <0.3.0-0',
86 silly addNameRange   hasData: false }
87 verbose cache add name="gulp-jshint" spec="^1.5.3" args=["gulp-jshint","^1.5.3"]
88 verbose parsed url { protocol: null,
88 verbose parsed url   slashes: null,
88 verbose parsed url   auth: null,
88 verbose parsed url   host: null,
88 verbose parsed url   port: null,
88 verbose parsed url   hostname: null,
88 verbose parsed url   hash: null,
88 verbose parsed url   search: null,
88 verbose parsed url   query: null,
88 verbose parsed url   pathname: '^1.5.3',
88 verbose parsed url   path: '^1.5.3',
88 verbose parsed url   href: '^1.5.3' }
89 verbose addNamed [ 'gulp-jshint', '^1.5.3' ]
90 verbose addNamed [ null, '>=1.5.3-0 <2.0.0-0' ]
91 silly lockFile 54f3e952-gulp-jshint-1-5-3 gulp-jshint@^1.5.3
92 verbose lock gulp-jshint@^1.5.3 /Users/liyuhua/.npm/54f3e952-gulp-jshint-1-5-3.lock
93 verbose cache add name="gulp-load-plugins" spec="^0.8.0" args=["gulp-load-plugins","^0.8.0"]
94 verbose parsed url { protocol: null,
94 verbose parsed url   slashes: null,
94 verbose parsed url   auth: null,
94 verbose parsed url   host: null,
94 verbose parsed url   port: null,
94 verbose parsed url   hostname: null,
94 verbose parsed url   hash: null,
94 verbose parsed url   search: null,
94 verbose parsed url   query: null,
94 verbose parsed url   pathname: '^0.8.0',
94 verbose parsed url   path: '^0.8.0',
94 verbose parsed url   href: '^0.8.0' }
95 verbose addNamed [ 'gulp-load-plugins', '^0.8.0' ]
96 verbose addNamed [ null, '>=0.8.0-0 <0.9.0-0' ]
97 silly lockFile b984b9dc-gulp-load-plugins-0-8-0 gulp-load-plugins@^0.8.0
98 verbose lock gulp-load-plugins@^0.8.0 /Users/liyuhua/.npm/b984b9dc-gulp-load-plugins-0-8-0.lock
99 verbose cache add name="gulp-minify-html" spec="^0.1.6" args=["gulp-minify-html","^0.1.6"]
100 verbose parsed url { protocol: null,
100 verbose parsed url   slashes: null,
100 verbose parsed url   auth: null,
100 verbose parsed url   host: null,
100 verbose parsed url   port: null,
100 verbose parsed url   hostname: null,
100 verbose parsed url   hash: null,
100 verbose parsed url   search: null,
100 verbose parsed url   query: null,
100 verbose parsed url   pathname: '^0.1.6',
100 verbose parsed url   path: '^0.1.6',
100 verbose parsed url   href: '^0.1.6' }
101 verbose addNamed [ 'gulp-minify-html', '^0.1.6' ]
102 verbose addNamed [ null, '>=0.1.6-0 <0.2.0-0' ]
103 silly lockFile 3d451d7f-gulp-minify-html-0-1-6 gulp-minify-html@^0.1.6
104 verbose lock gulp-minify-html@^0.1.6 /Users/liyuhua/.npm/3d451d7f-gulp-minify-html-0-1-6.lock
105 verbose cache add name="gulp-postcss" spec="^3.0.0" args=["gulp-postcss","^3.0.0"]
106 verbose parsed url { protocol: null,
106 verbose parsed url   slashes: null,
106 verbose parsed url   auth: null,
106 verbose parsed url   host: null,
106 verbose parsed url   port: null,
106 verbose parsed url   hostname: null,
106 verbose parsed url   hash: null,
106 verbose parsed url   search: null,
106 verbose parsed url   query: null,
106 verbose parsed url   pathname: '^3.0.0',
106 verbose parsed url   path: '^3.0.0',
106 verbose parsed url   href: '^3.0.0' }
107 verbose addNamed [ 'gulp-postcss', '^3.0.0' ]
108 verbose addNamed [ null, '>=3.0.0-0 <4.0.0-0' ]
109 silly lockFile ba450123-gulp-postcss-3-0-0 gulp-postcss@^3.0.0
110 verbose lock gulp-postcss@^3.0.0 /Users/liyuhua/.npm/ba450123-gulp-postcss-3-0-0.lock
111 verbose cache add name="gulp-sass" spec="^1.3.3" args=["gulp-sass","^1.3.3"]
112 verbose parsed url { protocol: null,
112 verbose parsed url   slashes: null,
112 verbose parsed url   auth: null,
112 verbose parsed url   host: null,
112 verbose parsed url   port: null,
112 verbose parsed url   hostname: null,
112 verbose parsed url   hash: null,
112 verbose parsed url   search: null,
112 verbose parsed url   query: null,
112 verbose parsed url   pathname: '^1.3.3',
112 verbose parsed url   path: '^1.3.3',
112 verbose parsed url   href: '^1.3.3' }
113 verbose addNamed [ 'gulp-sass', '^1.3.3' ]
114 verbose addNamed [ null, '>=1.3.3-0 <2.0.0-0' ]
115 silly lockFile c5cae820-gulp-sass-1-3-3 gulp-sass@^1.3.3
116 verbose lock gulp-sass@^1.3.3 /Users/liyuhua/.npm/c5cae820-gulp-sass-1-3-3.lock
117 verbose cache add name="gulp-size" spec="^1.1.0" args=["gulp-size","^1.1.0"]
118 verbose parsed url { protocol: null,
118 verbose parsed url   slashes: null,
118 verbose parsed url   auth: null,
118 verbose parsed url   host: null,
118 verbose parsed url   port: null,
118 verbose parsed url   hostname: null,
118 verbose parsed url   hash: null,
118 verbose parsed url   search: null,
118 verbose parsed url   query: null,
118 verbose parsed url   pathname: '^1.1.0',
118 verbose parsed url   path: '^1.1.0',
118 verbose parsed url   href: '^1.1.0' }
119 verbose addNamed [ 'gulp-size', '^1.1.0' ]
120 verbose addNamed [ null, '>=1.1.0-0 <2.0.0-0' ]
121 silly lockFile 432c5b2b-gulp-size-1-1-0 gulp-size@^1.1.0
122 verbose lock gulp-size@^1.1.0 /Users/liyuhua/.npm/432c5b2b-gulp-size-1-1-0.lock
123 verbose cache add [ 'gulp-uglify@^1.0.1', null ]
124 verbose cache add name=undefined spec="gulp-uglify@^1.0.1" args=["gulp-uglify@^1.0.1",null]
125 verbose parsed url { protocol: null,
125 verbose parsed url   slashes: null,
125 verbose parsed url   auth: null,
125 verbose parsed url   host: null,
125 verbose parsed url   port: null,
125 verbose parsed url   hostname: null,
125 verbose parsed url   hash: null,
125 verbose parsed url   search: null,
125 verbose parsed url   query: null,
125 verbose parsed url   pathname: 'gulp-uglify@^1.0.1',
125 verbose parsed url   path: 'gulp-uglify@^1.0.1',
125 verbose parsed url   href: 'gulp-uglify@^1.0.1' }
126 verbose cache add [ 'gulp-useref@^1.0.2', null ]
127 verbose cache add name=undefined spec="gulp-useref@^1.0.2" args=["gulp-useref@^1.0.2",null]
128 verbose parsed url { protocol: null,
128 verbose parsed url   slashes: null,
128 verbose parsed url   auth: null,
128 verbose parsed url   host: null,
128 verbose parsed url   port: null,
128 verbose parsed url   hostname: null,
128 verbose parsed url   hash: null,
128 verbose parsed url   search: null,
128 verbose parsed url   query: null,
128 verbose parsed url   pathname: 'gulp-useref@^1.0.2',
128 verbose parsed url   path: 'gulp-useref@^1.0.2',
128 verbose parsed url   href: 'gulp-useref@^1.0.2' }
129 verbose cache add [ 'jshint-stylish@^1.0.0', null ]
130 verbose cache add name=undefined spec="jshint-stylish@^1.0.0" args=["jshint-stylish@^1.0.0",null]
131 verbose parsed url { protocol: null,
131 verbose parsed url   slashes: null,
131 verbose parsed url   auth: null,
131 verbose parsed url   host: null,
131 verbose parsed url   port: null,
131 verbose parsed url   hostname: null,
131 verbose parsed url   hash: null,
131 verbose parsed url   search: null,
131 verbose parsed url   query: null,
131 verbose parsed url   pathname: 'jshint-stylish@^1.0.0',
131 verbose parsed url   path: 'jshint-stylish@^1.0.0',
131 verbose parsed url   href: 'jshint-stylish@^1.0.0' }
132 verbose cache add [ 'main-bower-files@^2.5.0', null ]
133 verbose cache add name=undefined spec="main-bower-files@^2.5.0" args=["main-bower-files@^2.5.0",null]
134 verbose parsed url { protocol: null,
134 verbose parsed url   slashes: null,
134 verbose parsed url   auth: null,
134 verbose parsed url   host: null,
134 verbose parsed url   port: null,
134 verbose parsed url   hostname: null,
134 verbose parsed url   hash: null,
134 verbose parsed url   search: null,
134 verbose parsed url   query: null,
134 verbose parsed url   pathname: 'main-bower-files@^2.5.0',
134 verbose parsed url   path: 'main-bower-files@^2.5.0',
134 verbose parsed url   href: 'main-bower-files@^2.5.0' }
135 verbose cache add [ 'opn@^1.0.0', null ]
136 verbose cache add name=undefined spec="opn@^1.0.0" args=["opn@^1.0.0",null]
137 verbose parsed url { protocol: null,
137 verbose parsed url   slashes: null,
137 verbose parsed url   auth: null,
137 verbose parsed url   host: null,
137 verbose parsed url   port: null,
137 verbose parsed url   hostname: null,
137 verbose parsed url   hash: null,
137 verbose parsed url   search: null,
137 verbose parsed url   query: null,
137 verbose parsed url   pathname: 'opn@^1.0.0',
137 verbose parsed url   path: 'opn@^1.0.0',
137 verbose parsed url   href: 'opn@^1.0.0' }
138 verbose cache add [ 'wiredep@^2.0.0', null ]
139 verbose cache add name=undefined spec="wiredep@^2.0.0" args=["wiredep@^2.0.0",null]
140 verbose parsed url { protocol: null,
140 verbose parsed url   slashes: null,
140 verbose parsed url   auth: null,
140 verbose parsed url   host: null,
140 verbose parsed url   port: null,
140 verbose parsed url   hostname: null,
140 verbose parsed url   hash: null,
140 verbose parsed url   search: null,
140 verbose parsed url   query: null,
140 verbose parsed url   pathname: 'wiredep@^2.0.0',
140 verbose parsed url   path: 'wiredep@^2.0.0',
140 verbose parsed url   href: 'wiredep@^2.0.0' }
141 verbose cache add name="gulp-sourcemaps" spec="^1.3.0" args=["gulp-sourcemaps","^1.3.0"]
142 verbose parsed url { protocol: null,
142 verbose parsed url   slashes: null,
142 verbose parsed url   auth: null,
142 verbose parsed url   host: null,
142 verbose parsed url   port: null,
142 verbose parsed url   hostname: null,
142 verbose parsed url   hash: null,
142 verbose parsed url   search: null,
142 verbose parsed url   query: null,
142 verbose parsed url   pathname: '^1.3.0',
142 verbose parsed url   path: '^1.3.0',
142 verbose parsed url   href: '^1.3.0' }
143 verbose addNamed [ 'gulp-sourcemaps', '^1.3.0' ]
144 verbose addNamed [ null, '>=1.3.0-0 <2.0.0-0' ]
145 silly lockFile be840bb3-gulp-sourcemaps-1-3-0 gulp-sourcemaps@^1.3.0
146 verbose lock gulp-sourcemaps@^1.3.0 /Users/liyuhua/.npm/be840bb3-gulp-sourcemaps-1-3-0.lock
147 silly addNameRange { name: 'gulp-if', range: '>=1.2.1-0 <2.0.0-0', hasData: false }
148 verbose cache add name="gulp-uglify" spec="^1.0.1" args=["gulp-uglify","^1.0.1"]
149 verbose parsed url { protocol: null,
149 verbose parsed url   slashes: null,
149 verbose parsed url   auth: null,
149 verbose parsed url   host: null,
149 verbose parsed url   port: null,
149 verbose parsed url   hostname: null,
149 verbose parsed url   hash: null,
149 verbose parsed url   search: null,
149 verbose parsed url   query: null,
149 verbose parsed url   pathname: '^1.0.1',
149 verbose parsed url   path: '^1.0.1',
149 verbose parsed url   href: '^1.0.1' }
150 verbose addNamed [ 'gulp-uglify', '^1.0.1' ]
151 verbose addNamed [ null, '>=1.0.1-0 <2.0.0-0' ]
152 silly lockFile 4e13f792-gulp-uglify-1-0-1 gulp-uglify@^1.0.1
153 verbose lock gulp-uglify@^1.0.1 /Users/liyuhua/.npm/4e13f792-gulp-uglify-1-0-1.lock
154 verbose cache add name="gulp-useref" spec="^1.0.2" args=["gulp-useref","^1.0.2"]
155 verbose parsed url { protocol: null,
155 verbose parsed url   slashes: null,
155 verbose parsed url   auth: null,
155 verbose parsed url   host: null,
155 verbose parsed url   port: null,
155 verbose parsed url   hostname: null,
155 verbose parsed url   hash: null,
155 verbose parsed url   search: null,
155 verbose parsed url   query: null,
155 verbose parsed url   pathname: '^1.0.2',
155 verbose parsed url   path: '^1.0.2',
155 verbose parsed url   href: '^1.0.2' }
156 verbose addNamed [ 'gulp-useref', '^1.0.2' ]
157 verbose addNamed [ null, '>=1.0.2-0 <2.0.0-0' ]
158 silly lockFile 906496ab-gulp-useref-1-0-2 gulp-useref@^1.0.2
159 verbose lock gulp-useref@^1.0.2 /Users/liyuhua/.npm/906496ab-gulp-useref-1-0-2.lock
160 verbose cache add name="jshint-stylish" spec="^1.0.0" args=["jshint-stylish","^1.0.0"]
161 verbose parsed url { protocol: null,
161 verbose parsed url   slashes: null,
161 verbose parsed url   auth: null,
161 verbose parsed url   host: null,
161 verbose parsed url   port: null,
161 verbose parsed url   hostname: null,
161 verbose parsed url   hash: null,
161 verbose parsed url   search: null,
161 verbose parsed url   query: null,
161 verbose parsed url   pathname: '^1.0.0',
161 verbose parsed url   path: '^1.0.0',
161 verbose parsed url   href: '^1.0.0' }
162 verbose addNamed [ 'jshint-stylish', '^1.0.0' ]
163 verbose addNamed [ null, '>=1.0.0-0 <2.0.0-0' ]
164 silly lockFile 522e2e8d-jshint-stylish-1-0-0 jshint-stylish@^1.0.0
165 verbose lock jshint-stylish@^1.0.0 /Users/liyuhua/.npm/522e2e8d-jshint-stylish-1-0-0.lock
166 verbose cache add name="main-bower-files" spec="^2.5.0" args=["main-bower-files","^2.5.0"]
167 verbose parsed url { protocol: null,
167 verbose parsed url   slashes: null,
167 verbose parsed url   auth: null,
167 verbose parsed url   host: null,
167 verbose parsed url   port: null,
167 verbose parsed url   hostname: null,
167 verbose parsed url   hash: null,
167 verbose parsed url   search: null,
167 verbose parsed url   query: null,
167 verbose parsed url   pathname: '^2.5.0',
167 verbose parsed url   path: '^2.5.0',
167 verbose parsed url   href: '^2.5.0' }
168 verbose addNamed [ 'main-bower-files', '^2.5.0' ]
169 verbose addNamed [ null, '>=2.5.0-0 <3.0.0-0' ]
170 silly lockFile 6c6e87d0-main-bower-files-2-5-0 main-bower-files@^2.5.0
171 verbose lock main-bower-files@^2.5.0 /Users/liyuhua/.npm/6c6e87d0-main-bower-files-2-5-0.lock
172 verbose cache add name="opn" spec="^1.0.0" args=["opn","^1.0.0"]
173 verbose parsed url { protocol: null,
173 verbose parsed url   slashes: null,
173 verbose parsed url   auth: null,
173 verbose parsed url   host: null,
173 verbose parsed url   port: null,
173 verbose parsed url   hostname: null,
173 verbose parsed url   hash: null,
173 verbose parsed url   search: null,
173 verbose parsed url   query: null,
173 verbose parsed url   pathname: '^1.0.0',
173 verbose parsed url   path: '^1.0.0',
173 verbose parsed url   href: '^1.0.0' }
174 verbose addNamed [ 'opn', '^1.0.0' ]
175 verbose addNamed [ null, '>=1.0.0-0 <2.0.0-0' ]
176 silly lockFile 3ddbaf46-opn-1-0-0 opn@^1.0.0
177 verbose lock opn@^1.0.0 /Users/liyuhua/.npm/3ddbaf46-opn-1-0-0.lock
178 verbose cache add name="wiredep" spec="^2.0.0" args=["wiredep","^2.0.0"]
179 verbose parsed url { protocol: null,
179 verbose parsed url   slashes: null,
179 verbose parsed url   auth: null,
179 verbose parsed url   host: null,
179 verbose parsed url   port: null,
179 verbose parsed url   hostname: null,
179 verbose parsed url   hash: null,
179 verbose parsed url   search: null,
179 verbose parsed url   query: null,
179 verbose parsed url   pathname: '^2.0.0',
179 verbose parsed url   path: '^2.0.0',
179 verbose parsed url   href: '^2.0.0' }
180 verbose addNamed [ 'wiredep', '^2.0.0' ]
181 verbose addNamed [ null, '>=2.0.0-0 <3.0.0-0' ]
182 silly lockFile a9002c2d-wiredep-2-0-0 wiredep@^2.0.0
183 verbose lock wiredep@^2.0.0 /Users/liyuhua/.npm/a9002c2d-wiredep-2-0-0.lock
184 verbose cache add [ 'autoprefixer-core@^4.0.2', null ]
185 verbose cache add name=undefined spec="autoprefixer-core@^4.0.2" args=["autoprefixer-core@^4.0.2",null]
186 verbose parsed url { protocol: null,
186 verbose parsed url   slashes: null,
186 verbose parsed url   auth: null,
186 verbose parsed url   host: null,
186 verbose parsed url   port: null,
186 verbose parsed url   hostname: null,
186 verbose parsed url   hash: null,
186 verbose parsed url   search: null,
186 verbose parsed url   query: null,
186 verbose parsed url   pathname: 'autoprefixer-core@^4.0.2',
186 verbose parsed url   path: 'autoprefixer-core@^4.0.2',
186 verbose parsed url   href: 'autoprefixer-core@^4.0.2' }
187 verbose cache add [ 'browser-sync@^1.8.2', null ]
188 verbose cache add name=undefined spec="browser-sync@^1.8.2" args=["browser-sync@^1.8.2",null]
189 verbose parsed url { protocol: null,
189 verbose parsed url   slashes: null,
189 verbose parsed url   auth: null,
189 verbose parsed url   host: null,
189 verbose parsed url   port: null,
189 verbose parsed url   hostname: null,
189 verbose parsed url   hash: null,
189 verbose parsed url   search: null,
189 verbose parsed url   query: null,
189 verbose parsed url   pathname: 'browser-sync@^1.8.2',
189 verbose parsed url   path: 'browser-sync@^1.8.2',
189 verbose parsed url   href: 'browser-sync@^1.8.2' }
190 silly addNameRange { name: 'gulp-imagemin',
190 silly addNameRange   range: '>=2.0.0-0 <3.0.0-0',
190 silly addNameRange   hasData: false }
191 silly addNameRange { name: 'gulp-jshint',
191 silly addNameRange   range: '>=1.5.3-0 <2.0.0-0',
191 silly addNameRange   hasData: false }
192 silly addNameRange { name: 'gulp-load-plugins',
192 silly addNameRange   range: '>=0.8.0-0 <0.9.0-0',
192 silly addNameRange   hasData: false }
193 silly addNameRange { name: 'gulp-minify-html',
193 silly addNameRange   range: '>=0.1.6-0 <0.2.0-0',
193 silly addNameRange   hasData: false }
194 silly addNameRange { name: 'gulp-postcss',
194 silly addNameRange   range: '>=3.0.0-0 <4.0.0-0',
194 silly addNameRange   hasData: false }
195 silly addNameRange { name: 'gulp-sass',
195 silly addNameRange   range: '>=1.3.3-0 <2.0.0-0',
195 silly addNameRange   hasData: false }
196 silly addNameRange { name: 'gulp-size',
196 silly addNameRange   range: '>=1.1.0-0 <2.0.0-0',
196 silly addNameRange   hasData: false }
197 verbose cache add name="autoprefixer-core" spec="^4.0.2" args=["autoprefixer-core","^4.0.2"]
198 verbose parsed url { protocol: null,
198 verbose parsed url   slashes: null,
198 verbose parsed url   auth: null,
198 verbose parsed url   host: null,
198 verbose parsed url   port: null,
198 verbose parsed url   hostname: null,
198 verbose parsed url   hash: null,
198 verbose parsed url   search: null,
198 verbose parsed url   query: null,
198 verbose parsed url   pathname: '^4.0.2',
198 verbose parsed url   path: '^4.0.2',
198 verbose parsed url   href: '^4.0.2' }
199 verbose addNamed [ 'autoprefixer-core', '^4.0.2' ]
200 verbose addNamed [ null, '>=4.0.2-0 <5.0.0-0' ]
201 silly lockFile 85c5ebcc-autoprefixer-core-4-0-2 autoprefixer-core@^4.0.2
202 verbose lock autoprefixer-core@^4.0.2 /Users/liyuhua/.npm/85c5ebcc-autoprefixer-core-4-0-2.lock
203 verbose cache add name="browser-sync" spec="^1.8.2" args=["browser-sync","^1.8.2"]
204 verbose parsed url { protocol: null,
204 verbose parsed url   slashes: null,
204 verbose parsed url   auth: null,
204 verbose parsed url   host: null,
204 verbose parsed url   port: null,
204 verbose parsed url   hostname: null,
204 verbose parsed url   hash: null,
204 verbose parsed url   search: null,
204 verbose parsed url   query: null,
204 verbose parsed url   pathname: '^1.8.2',
204 verbose parsed url   path: '^1.8.2',
204 verbose parsed url   href: '^1.8.2' }
205 verbose addNamed [ 'browser-sync', '^1.8.2' ]
206 verbose addNamed [ null, '>=1.8.2-0 <2.0.0-0' ]
207 silly lockFile 5ad4d6bf-browser-sync-1-8-2 browser-sync@^1.8.2
208 verbose lock browser-sync@^1.8.2 /Users/liyuhua/.npm/5ad4d6bf-browser-sync-1-8-2.lock
209 silly addNameRange { name: 'gulp-sourcemaps',
209 silly addNameRange   range: '>=1.3.0-0 <2.0.0-0',
209 silly addNameRange   hasData: false }
210 silly addNameRange { name: 'gulp-uglify',
210 silly addNameRange   range: '>=1.0.1-0 <2.0.0-0',
210 silly addNameRange   hasData: false }
211 silly addNameRange { name: 'jshint-stylish',
211 silly addNameRange   range: '>=1.0.0-0 <2.0.0-0',
211 silly addNameRange   hasData: false }
212 silly addNameRange { name: 'opn', range: '>=1.0.0-0 <2.0.0-0', hasData: false }
213 silly addNameRange { name: 'gulp-useref',
213 silly addNameRange   range: '>=1.0.2-0 <2.0.0-0',
213 silly addNameRange   hasData: false }
214 silly addNameRange { name: 'main-bower-files',
214 silly addNameRange   range: '>=2.5.0-0 <3.0.0-0',
214 silly addNameRange   hasData: false }
215 silly addNameRange { name: 'wiredep', range: '>=2.0.0-0 <3.0.0-0', hasData: false }
216 verbose request where is /del
217 verbose request registry https://registry.npmjs.org/
218 verbose request id 3d981dc971f49891
219 verbose url raw /del
220 verbose url resolving [ 'https://registry.npmjs.org/', './del' ]
221 verbose url resolved https://registry.npmjs.org/del
222 verbose request where is https://registry.npmjs.org/del
223 info trying registry request attempt 1 at 13:39:17
224 verbose etag "AAW6S9CIQNJZR6RXCOOPTG6GZ"
225 http GET https://registry.npmjs.org/del
226 verbose request where is /gulp
227 verbose request registry https://registry.npmjs.org/
228 verbose url raw /gulp
229 verbose url resolving [ 'https://registry.npmjs.org/', './gulp' ]
230 verbose url resolved https://registry.npmjs.org/gulp
231 verbose request where is https://registry.npmjs.org/gulp
232 info trying registry request attempt 1 at 13:39:17
233 verbose etag "39UIL4PB4PC9HGTR7U8Q54K4O"
234 http GET https://registry.npmjs.org/gulp
235 silly addNameRange { name: 'autoprefixer-core',
235 silly addNameRange   range: '>=4.0.2-0 <5.0.0-0',
235 silly addNameRange   hasData: false }
236 silly addNameRange { name: 'browser-sync',
236 silly addNameRange   range: '>=1.8.2-0 <2.0.0-0',
236 silly addNameRange   hasData: false }
237 verbose request where is /gulp-cache
238 verbose request registry https://registry.npmjs.org/
239 verbose url raw /gulp-cache
240 verbose url resolving [ 'https://registry.npmjs.org/', './gulp-cache' ]
241 verbose url resolved https://registry.npmjs.org/gulp-cache
242 verbose request where is https://registry.npmjs.org/gulp-cache
243 info trying registry request attempt 1 at 13:39:17
244 verbose etag "7OFIRCQ9QD9IKSZOHU5U5EECA"
245 http GET https://registry.npmjs.org/gulp-cache
246 verbose request where is /gulp-csso
247 verbose request registry https://registry.npmjs.org/
248 verbose url raw /gulp-csso
249 verbose url resolving [ 'https://registry.npmjs.org/', './gulp-csso' ]
250 verbose url resolved https://registry.npmjs.org/gulp-csso
251 verbose request where is https://registry.npmjs.org/gulp-csso
252 info trying registry request attempt 1 at 13:39:17
253 verbose etag "9M280QDN60YXTU3CAKDQ12X9N"
254 http GET https://registry.npmjs.org/gulp-csso
255 verbose request where is /gulp-if
256 verbose request registry https://registry.npmjs.org/
257 verbose url raw /gulp-if
258 verbose url resolving [ 'https://registry.npmjs.org/', './gulp-if' ]
259 verbose url resolved https://registry.npmjs.org/gulp-if
260 verbose request where is https://registry.npmjs.org/gulp-if
261 info trying registry request attempt 1 at 13:39:17
262 verbose etag "7IVMU802E4E6AK83L3EVC5ULO"
263 http GET https://registry.npmjs.org/gulp-if
264 verbose request where is /gulp-imagemin
265 verbose request registry https://registry.npmjs.org/
266 verbose url raw /gulp-imagemin
267 verbose url resolving [ 'https://registry.npmjs.org/', './gulp-imagemin' ]
268 verbose url resolved https://registry.npmjs.org/gulp-imagemin
269 verbose request where is https://registry.npmjs.org/gulp-imagemin
270 info trying registry request attempt 1 at 13:39:17
271 verbose etag "6VDMPGGS6AQNTU3OVD7MHY0HM"
272 http GET https://registry.npmjs.org/gulp-imagemin
273 verbose request where is /gulp-jshint
274 verbose request registry https://registry.npmjs.org/
275 verbose url raw /gulp-jshint
276 verbose url resolving [ 'https://registry.npmjs.org/', './gulp-jshint' ]
277 verbose url resolved https://registry.npmjs.org/gulp-jshint
278 verbose request where is https://registry.npmjs.org/gulp-jshint
279 info trying registry request attempt 1 at 13:39:17
280 verbose etag "A47MEGCN7HAM5AWWT4YISFP4H"
281 http GET https://registry.npmjs.org/gulp-jshint
282 verbose request where is /gulp-load-plugins
283 verbose request registry https://registry.npmjs.org/
284 verbose url raw /gulp-load-plugins
285 verbose url resolving [ 'https://registry.npmjs.org/', './gulp-load-plugins' ]
286 verbose url resolved https://registry.npmjs.org/gulp-load-plugins
287 verbose request where is https://registry.npmjs.org/gulp-load-plugins
288 info trying registry request attempt 1 at 13:39:17
289 verbose etag "CJMSW41DXWNPTAMTETLSXWPZL"
290 http GET https://registry.npmjs.org/gulp-load-plugins
291 verbose request where is /gulp-minify-html
292 verbose request registry https://registry.npmjs.org/
293 verbose url raw /gulp-minify-html
294 verbose url resolving [ 'https://registry.npmjs.org/', './gulp-minify-html' ]
295 verbose url resolved https://registry.npmjs.org/gulp-minify-html
296 verbose request where is https://registry.npmjs.org/gulp-minify-html
297 info trying registry request attempt 1 at 13:39:17
298 verbose etag "CSLUWIN2KC7CUHN5OHU49C1WN"
299 http GET https://registry.npmjs.org/gulp-minify-html
300 verbose request where is /gulp-postcss
301 verbose request registry https://registry.npmjs.org/
302 verbose url raw /gulp-postcss
303 verbose url resolving [ 'https://registry.npmjs.org/', './gulp-postcss' ]
304 verbose url resolved https://registry.npmjs.org/gulp-postcss
305 verbose request where is https://registry.npmjs.org/gulp-postcss
306 info trying registry request attempt 1 at 13:39:17
307 verbose etag "5Z0S6WQTV11HSEUCX7KYME50Y"
308 http GET https://registry.npmjs.org/gulp-postcss
309 verbose request where is /gulp-sass
310 verbose request registry https://registry.npmjs.org/
311 verbose url raw /gulp-sass
312 verbose url resolving [ 'https://registry.npmjs.org/', './gulp-sass' ]
313 verbose url resolved https://registry.npmjs.org/gulp-sass
314 verbose request where is https://registry.npmjs.org/gulp-sass
315 info trying registry request attempt 1 at 13:39:17
316 verbose etag "6EZI2MMHUL0RBWNCES2IMO7ON"
317 http GET https://registry.npmjs.org/gulp-sass
318 verbose request where is /gulp-size
319 verbose request registry https://registry.npmjs.org/
320 verbose url raw /gulp-size
321 verbose url resolving [ 'https://registry.npmjs.org/', './gulp-size' ]
322 verbose url resolved https://registry.npmjs.org/gulp-size
323 verbose request where is https://registry.npmjs.org/gulp-size
324 info trying registry request attempt 1 at 13:39:17
325 verbose etag "C5MVM6BLY132SA1EARPUM8TQW"
326 http GET https://registry.npmjs.org/gulp-size
327 verbose request where is /gulp-sourcemaps
328 verbose request registry https://registry.npmjs.org/
329 verbose url raw /gulp-sourcemaps
330 verbose url resolving [ 'https://registry.npmjs.org/', './gulp-sourcemaps' ]
331 verbose url resolved https://registry.npmjs.org/gulp-sourcemaps
332 verbose request where is https://registry.npmjs.org/gulp-sourcemaps
333 info trying registry request attempt 1 at 13:39:17
334 verbose etag "AWIJGM96T5BYBUCNNBBAGNBMF"
335 http GET https://registry.npmjs.org/gulp-sourcemaps
336 verbose request where is /opn
337 verbose request registry https://registry.npmjs.org/
338 verbose url raw /opn
339 verbose url resolving [ 'https://registry.npmjs.org/', './opn' ]
340 verbose url resolved https://registry.npmjs.org/opn
341 verbose request where is https://registry.npmjs.org/opn
342 info trying registry request attempt 1 at 13:39:17
343 verbose etag "8TCA2Z8P9KVKJEBFZIKG03A8Z"
344 http GET https://registry.npmjs.org/opn
345 verbose request where is /gulp-uglify
346 verbose request registry https://registry.npmjs.org/
347 verbose url raw /gulp-uglify
348 verbose url resolving [ 'https://registry.npmjs.org/', './gulp-uglify' ]
349 verbose url resolved https://registry.npmjs.org/gulp-uglify
350 verbose request where is https://registry.npmjs.org/gulp-uglify
351 info trying registry request attempt 1 at 13:39:17
352 verbose etag "1RJVP9MZFETQR2Q41G2HAHLKX"
353 http GET https://registry.npmjs.org/gulp-uglify
354 verbose request where is /jshint-stylish
355 verbose request registry https://registry.npmjs.org/
356 verbose url raw /jshint-stylish
357 verbose url resolving [ 'https://registry.npmjs.org/', './jshint-stylish' ]
358 verbose url resolved https://registry.npmjs.org/jshint-stylish
359 verbose request where is https://registry.npmjs.org/jshint-stylish
360 info trying registry request attempt 1 at 13:39:17
361 verbose etag "BWWS2HLRCU93ZDN3VAJ4N34Y8"
362 http GET https://registry.npmjs.org/jshint-stylish
363 verbose request where is /gulp-useref
364 verbose request registry https://registry.npmjs.org/
365 verbose url raw /gulp-useref
366 verbose url resolving [ 'https://registry.npmjs.org/', './gulp-useref' ]
367 verbose url resolved https://registry.npmjs.org/gulp-useref
368 verbose request where is https://registry.npmjs.org/gulp-useref
369 info trying registry request attempt 1 at 13:39:17
370 verbose etag "344O5TTVWHVIOM8FYMHVPQNVP"
371 http GET https://registry.npmjs.org/gulp-useref
372 verbose request where is /main-bower-files
373 verbose request registry https://registry.npmjs.org/
374 verbose url raw /main-bower-files
375 verbose url resolving [ 'https://registry.npmjs.org/', './main-bower-files' ]
376 verbose url resolved https://registry.npmjs.org/main-bower-files
377 verbose request where is https://registry.npmjs.org/main-bower-files
378 info trying registry request attempt 1 at 13:39:17
379 verbose etag "6AB1AN07FDBZSWYZ6TLGFVPLS"
380 http GET https://registry.npmjs.org/main-bower-files
381 verbose request where is /wiredep
382 verbose request registry https://registry.npmjs.org/
383 verbose url raw /wiredep
384 verbose url resolving [ 'https://registry.npmjs.org/', './wiredep' ]
385 verbose url resolved https://registry.npmjs.org/wiredep
386 verbose request where is https://registry.npmjs.org/wiredep
387 info trying registry request attempt 1 at 13:39:17
388 verbose etag "699QJ5B6K4KE3QW90HA9AM10M"
389 http GET https://registry.npmjs.org/wiredep
390 verbose request where is /autoprefixer-core
391 verbose request registry https://registry.npmjs.org/
392 verbose url raw /autoprefixer-core
393 verbose url resolving [ 'https://registry.npmjs.org/', './autoprefixer-core' ]
394 verbose url resolved https://registry.npmjs.org/autoprefixer-core
395 verbose request where is https://registry.npmjs.org/autoprefixer-core
396 info trying registry request attempt 1 at 13:39:17
397 verbose etag "47KJVNAQNKZ1YSCE8ZD5MTFWA"
398 http GET https://registry.npmjs.org/autoprefixer-core
399 verbose request where is /browser-sync
400 verbose request registry https://registry.npmjs.org/
401 verbose url raw /browser-sync
402 verbose url resolving [ 'https://registry.npmjs.org/', './browser-sync' ]
403 verbose url resolved https://registry.npmjs.org/browser-sync
404 verbose request where is https://registry.npmjs.org/browser-sync
405 info trying registry request attempt 1 at 13:39:17
406 verbose etag "4SBVN9YUXU9OFRJL2XFI3XF9K"
407 http GET https://registry.npmjs.org/browser-sync
408 http 304 https://registry.npmjs.org/gulp-cache
409 silly registry.get cb [ 304,
409 silly registry.get   { date: 'Wed, 13 May 2015 05:39:18 GMT',
409 silly registry.get     via: '1.1 varnish',
409 silly registry.get     'cache-control': 'max-age=60',
409 silly registry.get     etag: '"7OFIRCQ9QD9IKSZOHU5U5EECA"',
409 silly registry.get     age: '12',
409 silly registry.get     connection: 'keep-alive',
409 silly registry.get     'x-served-by': 'cache-nrt6120-NRT',
409 silly registry.get     'x-cache': 'HIT',
409 silly registry.get     'x-cache-hits': '1',
409 silly registry.get     'x-timer': 'S1431495558.403435,VS0,VE0',
409 silly registry.get     vary: 'Accept' } ]
410 verbose etag https://registry.npmjs.org/gulp-cache from cache
411 silly addNameRange number 2 { name: 'gulp-cache',
411 silly addNameRange   range: '>=0.2.2-0 <0.3.0-0',
411 silly addNameRange   hasData: true }
412 silly addNameRange versions [ 'gulp-cache',
412 silly addNameRange   [ '0.0.1',
412 silly addNameRange     '0.0.2',
412 silly addNameRange     '0.0.3',
412 silly addNameRange     '0.0.4',
412 silly addNameRange     '0.0.5',
412 silly addNameRange     '0.1.0',
412 silly addNameRange     '0.1.1',
412 silly addNameRange     '0.1.2',
412 silly addNameRange     '0.1.3',
412 silly addNameRange     '0.1.4',
412 silly addNameRange     '0.1.5',
412 silly addNameRange     '0.1.6',
412 silly addNameRange     '0.1.8',
412 silly addNameRange     '0.1.9',
412 silly addNameRange     '0.1.10',
412 silly addNameRange     '0.1.11',
412 silly addNameRange     '0.2.0',
412 silly addNameRange     '0.2.1',
412 silly addNameRange     '0.2.2',
412 silly addNameRange     '0.2.3',
412 silly addNameRange     '0.2.4',
412 silly addNameRange     '0.2.5',
412 silly addNameRange     '0.2.6',
412 silly addNameRange     '0.2.7',
412 silly addNameRange     '0.2.8',
412 silly addNameRange     '0.2.9' ] ]
413 verbose addNamed [ 'gulp-cache', '0.2.9' ]
414 verbose addNamed [ '0.2.9', '0.2.9' ]
415 silly lockFile e3559101-gulp-cache-0-2-9 gulp-cache@0.2.9
416 verbose lock gulp-cache@0.2.9 /Users/liyuhua/.npm/e3559101-gulp-cache-0-2-9.lock
417 silly lockFile e3559101-gulp-cache-0-2-9 gulp-cache@0.2.9
418 silly lockFile e3559101-gulp-cache-0-2-9 gulp-cache@0.2.9
419 silly lockFile 0ef37593-gulp-cache-0-2-2 gulp-cache@^0.2.2
420 silly lockFile 0ef37593-gulp-cache-0-2-2 gulp-cache@^0.2.2
421 http 304 https://registry.npmjs.org/gulp-imagemin
422 silly registry.get cb [ 304,
422 silly registry.get   { date: 'Wed, 13 May 2015 05:39:18 GMT',
422 silly registry.get     via: '1.1 varnish',
422 silly registry.get     'cache-control': 'max-age=60',
422 silly registry.get     etag: '"6VDMPGGS6AQNTU3OVD7MHY0HM"',
422 silly registry.get     age: '12',
422 silly registry.get     connection: 'keep-alive',
422 silly registry.get     'x-served-by': 'cache-nrt6120-NRT',
422 silly registry.get     'x-cache': 'HIT',
422 silly registry.get     'x-cache-hits': '1',
422 silly registry.get     'x-timer': 'S1431495558.485926,VS0,VE0',
422 silly registry.get     vary: 'Accept' } ]
423 verbose etag https://registry.npmjs.org/gulp-imagemin from cache
424 silly addNameRange number 2 { name: 'gulp-imagemin',
424 silly addNameRange   range: '>=2.0.0-0 <3.0.0-0',
424 silly addNameRange   hasData: true }
425 silly addNameRange versions [ 'gulp-imagemin',
425 silly addNameRange   [ '0.1.0',
425 silly addNameRange     '0.1.1',
425 silly addNameRange     '0.1.2',
425 silly addNameRange     '0.1.3',
425 silly addNameRange     '0.1.4',
425 silly addNameRange     '0.1.5',
425 silly addNameRange     '0.2.0',
425 silly addNameRange     '0.3.0',
425 silly addNameRange     '0.4.0',
425 silly addNameRange     '0.5.0',
425 silly addNameRange     '0.5.1',
425 silly addNameRange     '0.6.0',
425 silly addNameRange     '0.6.1',
425 silly addNameRange     '0.6.2',
425 silly addNameRange     '1.0.0',
425 silly addNameRange     '1.0.1',
425 silly addNameRange     '1.1.0',
425 silly addNameRange     '1.2.1',
425 silly addNameRange     '2.0.0',
425 silly addNameRange     '2.1.0',
425 silly addNameRange     '2.2.0',
425 silly addNameRange     '2.2.1' ] ]
426 verbose addNamed [ 'gulp-imagemin', '2.2.1' ]
427 verbose addNamed [ '2.2.1', '2.2.1' ]
428 silly lockFile 8852530e-gulp-imagemin-2-2-1 gulp-imagemin@2.2.1
429 verbose lock gulp-imagemin@2.2.1 /Users/liyuhua/.npm/8852530e-gulp-imagemin-2-2-1.lock
430 silly lockFile 8852530e-gulp-imagemin-2-2-1 gulp-imagemin@2.2.1
431 silly lockFile 8852530e-gulp-imagemin-2-2-1 gulp-imagemin@2.2.1
432 silly lockFile c8d5d04f-gulp-imagemin-2-0-0 gulp-imagemin@^2.0.0
433 silly lockFile c8d5d04f-gulp-imagemin-2-0-0 gulp-imagemin@^2.0.0
434 http 304 https://registry.npmjs.org/gulp-jshint
435 silly registry.get cb [ 304,
435 silly registry.get   { date: 'Wed, 13 May 2015 05:39:18 GMT',
435 silly registry.get     via: '1.1 varnish',
435 silly registry.get     'cache-control': 'max-age=60',
435 silly registry.get     etag: '"A47MEGCN7HAM5AWWT4YISFP4H"',
435 silly registry.get     age: '60',
435 silly registry.get     connection: 'keep-alive',
435 silly registry.get     'x-served-by': 'cache-nrt6120-NRT',
435 silly registry.get     'x-cache': 'HIT',
435 silly registry.get     'x-cache-hits': '1',
435 silly registry.get     'x-timer': 'S1431495558.605167,VS0,VE3',
435 silly registry.get     vary: 'Accept' } ]
436 verbose etag https://registry.npmjs.org/gulp-jshint from cache
437 silly addNameRange number 2 { name: 'gulp-jshint',
437 silly addNameRange   range: '>=1.5.3-0 <2.0.0-0',
437 silly addNameRange   hasData: true }
438 silly addNameRange versions [ 'gulp-jshint',
438 silly addNameRange   [ '0.0.1',
438 silly addNameRange     '0.1.0',
438 silly addNameRange     '1.0.0',
438 silly addNameRange     '1.1.0',
438 silly addNameRange     '1.2.0',
438 silly addNameRange     '1.3.0',
438 silly addNameRange     '1.3.1',
438 silly addNameRange     '1.3.2',
438 silly addNameRange     '1.3.3',
438 silly addNameRange     '1.3.4',
438 silly addNameRange     '1.4.0',
438 silly addNameRange     '1.4.1',
438 silly addNameRange     '1.4.2',
438 silly addNameRange     '1.5.0',
438 silly addNameRange     '1.5.1',
438 silly addNameRange     '1.5.2',
438 silly addNameRange     '1.5.3',
438 silly addNameRange     '1.5.4',
438 silly addNameRange     '1.5.5',
438 silly addNameRange     '1.5.6',
438 silly addNameRange     '1.6.0',
438 silly addNameRange     '1.6.1',
438 silly addNameRange     '1.6.2',
438 silly addNameRange     '1.6.3',
438 silly addNameRange     '1.6.4',
438 silly addNameRange     '1.7.0',
438 silly addNameRange     '1.7.1',
438 silly addNameRange     '1.8.0',
438 silly addNameRange     '1.8.1',
438 silly addNameRange     '1.8.2',
438 silly addNameRange     '1.8.3',
438 silly addNameRange     '1.8.4',
438 silly addNameRange     '1.8.5',
438 silly addNameRange     '1.8.6',
438 silly addNameRange     '1.9.0',
438 silly addNameRange     '1.9.2',
438 silly addNameRange     '1.9.3',
438 silly addNameRange     '1.9.4',
438 silly addNameRange     '1.10.0' ] ]
439 verbose addNamed [ 'gulp-jshint', '1.10.0' ]
440 verbose addNamed [ '1.10.0', '1.10.0' ]
441 silly lockFile 4defc810-gulp-jshint-1-10-0 gulp-jshint@1.10.0
442 verbose lock gulp-jshint@1.10.0 /Users/liyuhua/.npm/4defc810-gulp-jshint-1-10-0.lock
443 silly lockFile 4defc810-gulp-jshint-1-10-0 gulp-jshint@1.10.0
444 silly lockFile 4defc810-gulp-jshint-1-10-0 gulp-jshint@1.10.0
445 silly lockFile 54f3e952-gulp-jshint-1-5-3 gulp-jshint@^1.5.3
446 silly lockFile 54f3e952-gulp-jshint-1-5-3 gulp-jshint@^1.5.3
447 http 304 https://registry.npmjs.org/gulp-load-plugins
448 silly registry.get cb [ 304,
448 silly registry.get   { date: 'Wed, 13 May 2015 05:39:18 GMT',
448 silly registry.get     via: '1.1 varnish',
448 silly registry.get     'cache-control': 'max-age=60',
448 silly registry.get     etag: '"CJMSW41DXWNPTAMTETLSXWPZL"',
448 silly registry.get     age: '18',
448 silly registry.get     connection: 'keep-alive',
448 silly registry.get     'x-served-by': 'cache-nrt6120-NRT',
448 silly registry.get     'x-cache': 'HIT',
448 silly registry.get     'x-cache-hits': '1',
448 silly registry.get     'x-timer': 'S1431495558.691046,VS0,VE0',
448 silly registry.get     vary: 'Accept' } ]
449 verbose etag https://registry.npmjs.org/gulp-load-plugins from cache
450 silly addNameRange number 2 { name: 'gulp-load-plugins',
450 silly addNameRange   range: '>=0.8.0-0 <0.9.0-0',
450 silly addNameRange   hasData: true }
451 silly addNameRange versions [ 'gulp-load-plugins',
451 silly addNameRange   [ '0.2.0',
451 silly addNameRange     '0.3.0',
451 silly addNameRange     '0.4.0',
451 silly addNameRange     '0.5.0',
451 silly addNameRange     '0.5.1',
451 silly addNameRange     '0.6.0-beta',
451 silly addNameRange     '0.5.2',
451 silly addNameRange     '0.5.3',
451 silly addNameRange     '0.6.0',
451 silly addNameRange     '0.7.0',
451 silly addNameRange     '0.7.1',
451 silly addNameRange     '0.8.0',
451 silly addNameRange     '0.8.1',
451 silly addNameRange     '0.9.0',
451 silly addNameRange     '0.10.0' ] ]
452 verbose addNamed [ 'gulp-load-plugins', '0.8.1' ]
453 verbose addNamed [ '0.8.1', '0.8.1' ]
454 silly lockFile 92eb2876-gulp-load-plugins-0-8-1 gulp-load-plugins@0.8.1
455 verbose lock gulp-load-plugins@0.8.1 /Users/liyuhua/.npm/92eb2876-gulp-load-plugins-0-8-1.lock
456 silly lockFile 92eb2876-gulp-load-plugins-0-8-1 gulp-load-plugins@0.8.1
457 silly lockFile 92eb2876-gulp-load-plugins-0-8-1 gulp-load-plugins@0.8.1
458 silly lockFile b984b9dc-gulp-load-plugins-0-8-0 gulp-load-plugins@^0.8.0
459 silly lockFile b984b9dc-gulp-load-plugins-0-8-0 gulp-load-plugins@^0.8.0
460 http 304 https://registry.npmjs.org/gulp-minify-html
461 silly registry.get cb [ 304,
461 silly registry.get   { date: 'Wed, 13 May 2015 05:39:18 GMT',
461 silly registry.get     via: '1.1 varnish',
461 silly registry.get     'cache-control': 'max-age=60',
461 silly registry.get     etag: '"CSLUWIN2KC7CUHN5OHU49C1WN"',
461 silly registry.get     age: '18',
461 silly registry.get     connection: 'keep-alive',
461 silly registry.get     'x-served-by': 'cache-nrt6120-NRT',
461 silly registry.get     'x-cache': 'HIT',
461 silly registry.get     'x-cache-hits': '1',
461 silly registry.get     'x-timer': 'S1431495558.797340,VS0,VE0',
461 silly registry.get     vary: 'Accept' } ]
462 verbose etag https://registry.npmjs.org/gulp-minify-html from cache
463 silly addNameRange number 2 { name: 'gulp-minify-html',
463 silly addNameRange   range: '>=0.1.6-0 <0.2.0-0',
463 silly addNameRange   hasData: true }
464 silly addNameRange versions [ 'gulp-minify-html',
464 silly addNameRange   [ '0.0.1',
464 silly addNameRange     '0.1.0',
464 silly addNameRange     '0.1.1',
464 silly addNameRange     '0.1.2',
464 silly addNameRange     '0.1.3',
464 silly addNameRange     '0.1.4',
464 silly addNameRange     '0.1.5',
464 silly addNameRange     '0.1.6',
464 silly addNameRange     '0.1.7',
464 silly addNameRange     '0.1.8',
464 silly addNameRange     '1.0.0',
464 silly addNameRange     '1.0.1',
464 silly addNameRange     '1.0.2' ] ]
465 verbose addNamed [ 'gulp-minify-html', '0.1.8' ]
466 verbose addNamed [ '0.1.8', '0.1.8' ]
467 silly lockFile a315fcf7-gulp-minify-html-0-1-8 gulp-minify-html@0.1.8
468 verbose lock gulp-minify-html@0.1.8 /Users/liyuhua/.npm/a315fcf7-gulp-minify-html-0-1-8.lock
469 silly lockFile a315fcf7-gulp-minify-html-0-1-8 gulp-minify-html@0.1.8
470 silly lockFile a315fcf7-gulp-minify-html-0-1-8 gulp-minify-html@0.1.8
471 silly lockFile 3d451d7f-gulp-minify-html-0-1-6 gulp-minify-html@^0.1.6
472 silly lockFile 3d451d7f-gulp-minify-html-0-1-6 gulp-minify-html@^0.1.6
473 http 304 https://registry.npmjs.org/gulp-postcss
474 silly registry.get cb [ 304,
474 silly registry.get   { date: 'Wed, 13 May 2015 05:39:18 GMT',
474 silly registry.get     via: '1.1 varnish',
474 silly registry.get     'cache-control': 'max-age=60',
474 silly registry.get     etag: '"5Z0S6WQTV11HSEUCX7KYME50Y"',
474 silly registry.get     age: '0',
474 silly registry.get     connection: 'keep-alive',
474 silly registry.get     'x-served-by': 'cache-nrt6120-NRT',
474 silly registry.get     'x-cache': 'HIT',
474 silly registry.get     'x-cache-hits': '1',
474 silly registry.get     'x-timer': 'S1431495558.875453,VS0,VE404',
474 silly registry.get     vary: 'Accept' } ]
475 verbose etag https://registry.npmjs.org/gulp-postcss from cache
476 silly addNameRange number 2 { name: 'gulp-postcss',
476 silly addNameRange   range: '>=3.0.0-0 <4.0.0-0',
476 silly addNameRange   hasData: true }
477 silly addNameRange versions [ 'gulp-postcss',
477 silly addNameRange   [ '0.0.1',
477 silly addNameRange     '0.0.2',
477 silly addNameRange     '1.0.0',
477 silly addNameRange     '1.0.1',
477 silly addNameRange     '1.0.2',
477 silly addNameRange     '2.0.0',
477 silly addNameRange     '2.0.1',
477 silly addNameRange     '3.0.0',
477 silly addNameRange     '4.0.0',
477 silly addNameRange     '4.0.1',
477 silly addNameRange     '4.0.2',
477 silly addNameRange     '4.0.3',
477 silly addNameRange     '5.0.0',
477 silly addNameRange     '5.0.1',
477 silly addNameRange     '5.1.0',
477 silly addNameRange     '5.1.1',
477 silly addNameRange     '5.1.2',
477 silly addNameRange     '5.1.3',
477 silly addNameRange     '5.1.4',
477 silly addNameRange     '5.1.5',
477 silly addNameRange     '5.1.6' ] ]
478 verbose addNamed [ 'gulp-postcss', '3.0.0' ]
479 verbose addNamed [ '3.0.0', '3.0.0' ]
480 silly lockFile c107660f-gulp-postcss-3-0-0 gulp-postcss@3.0.0
481 verbose lock gulp-postcss@3.0.0 /Users/liyuhua/.npm/c107660f-gulp-postcss-3-0-0.lock
482 silly lockFile c107660f-gulp-postcss-3-0-0 gulp-postcss@3.0.0
483 silly lockFile c107660f-gulp-postcss-3-0-0 gulp-postcss@3.0.0
484 silly lockFile ba450123-gulp-postcss-3-0-0 gulp-postcss@^3.0.0
485 silly lockFile ba450123-gulp-postcss-3-0-0 gulp-postcss@^3.0.0
486 http 304 https://registry.npmjs.org/gulp-sass
487 silly registry.get cb [ 304,
487 silly registry.get   { date: 'Wed, 13 May 2015 05:39:19 GMT',
487 silly registry.get     via: '1.1 varnish',
487 silly registry.get     'cache-control': 'max-age=60',
487 silly registry.get     etag: '"6EZI2MMHUL0RBWNCES2IMO7ON"',
487 silly registry.get     age: '0',
487 silly registry.get     connection: 'keep-alive',
487 silly registry.get     'x-served-by': 'cache-nrt6120-NRT',
487 silly registry.get     'x-cache': 'HIT',
487 silly registry.get     'x-cache-hits': '1',
487 silly registry.get     'x-timer': 'S1431495559.602684,VS0,VE750',
487 silly registry.get     vary: 'Accept' } ]
488 verbose etag https://registry.npmjs.org/gulp-sass from cache
489 silly addNameRange number 2 { name: 'gulp-sass', range: '>=1.3.3-0 <2.0.0-0', hasData: true }
490 silly addNameRange versions [ 'gulp-sass',
490 silly addNameRange   [ '0.1.0',
490 silly addNameRange     '0.2.1',
490 silly addNameRange     '0.2.2',
490 silly addNameRange     '0.2.3',
490 silly addNameRange     '0.3.0',
490 silly addNameRange     '0.4.0',
490 silly addNameRange     '0.4.1',
490 silly addNameRange     '0.5.0',
490 silly addNameRange     '0.5.1',
490 silly addNameRange     '0.5.2',
490 silly addNameRange     '0.6.0',
490 silly addNameRange     '0.7.0',
490 silly addNameRange     '0.7.1',
490 silly addNameRange     '0.7.2',
490 silly addNameRange     '0.7.3',
490 silly addNameRange     '1.0.0',
490 silly addNameRange     '1.1.0',
490 silly addNameRange     '1.2.0',
490 silly addNameRange     '1.2.1',
490 silly addNameRange     '1.2.2',
490 silly addNameRange     '1.2.3',
490 silly addNameRange     '1.2.4',
490 silly addNameRange     '1.3.0',
490 silly addNameRange     '1.3.1',
490 silly addNameRange     '1.3.2',
490 silly addNameRange     '1.3.3',
490 silly addNameRange     '2.0.0-alpha.1',
490 silly addNameRange     '2.0.0' ] ]
491 verbose addNamed [ 'gulp-sass', '1.3.3' ]
492 verbose addNamed [ '1.3.3', '1.3.3' ]
493 silly lockFile bd3023a4-gulp-sass-1-3-3 gulp-sass@1.3.3
494 verbose lock gulp-sass@1.3.3 /Users/liyuhua/.npm/bd3023a4-gulp-sass-1-3-3.lock
495 silly lockFile bd3023a4-gulp-sass-1-3-3 gulp-sass@1.3.3
496 silly lockFile bd3023a4-gulp-sass-1-3-3 gulp-sass@1.3.3
497 silly lockFile c5cae820-gulp-sass-1-3-3 gulp-sass@^1.3.3
498 silly lockFile c5cae820-gulp-sass-1-3-3 gulp-sass@^1.3.3
499 http 304 https://registry.npmjs.org/gulp-size
500 silly registry.get cb [ 304,
500 silly registry.get   { date: 'Wed, 13 May 2015 05:39:20 GMT',
500 silly registry.get     via: '1.1 varnish',
500 silly registry.get     'cache-control': 'max-age=60',
500 silly registry.get     etag: '"C5MVM6BLY132SA1EARPUM8TQW"',
500 silly registry.get     age: '19',
500 silly registry.get     connection: 'keep-alive',
500 silly registry.get     'x-served-by': 'cache-nrt6120-NRT',
500 silly registry.get     'x-cache': 'HIT',
500 silly registry.get     'x-cache-hits': '1',
500 silly registry.get     'x-timer': 'S1431495560.431375,VS0,VE0',
500 silly registry.get     vary: 'Accept' } ]
501 verbose etag https://registry.npmjs.org/gulp-size from cache
502 silly addNameRange number 2 { name: 'gulp-size', range: '>=1.1.0-0 <2.0.0-0', hasData: true }
503 silly addNameRange versions [ 'gulp-size',
503 silly addNameRange   [ '0.1.0',
503 silly addNameRange     '0.1.1',
503 silly addNameRange     '0.1.2',
503 silly addNameRange     '0.1.3',
503 silly addNameRange     '0.2.0',
503 silly addNameRange     '0.3.0',
503 silly addNameRange     '0.3.1',
503 silly addNameRange     '0.4.0',
503 silly addNameRange     '0.4.1',
503 silly addNameRange     '1.0.0',
503 silly addNameRange     '1.1.0',
503 silly addNameRange     '1.2.0',
503 silly addNameRange     '1.2.1' ] ]
504 verbose addNamed [ 'gulp-size', '1.2.1' ]
505 verbose addNamed [ '1.2.1', '1.2.1' ]
506 silly lockFile 4f75ebc7-gulp-size-1-2-1 gulp-size@1.2.1
507 verbose lock gulp-size@1.2.1 /Users/liyuhua/.npm/4f75ebc7-gulp-size-1-2-1.lock
508 silly lockFile 4f75ebc7-gulp-size-1-2-1 gulp-size@1.2.1
509 silly lockFile 4f75ebc7-gulp-size-1-2-1 gulp-size@1.2.1
510 silly lockFile 432c5b2b-gulp-size-1-1-0 gulp-size@^1.1.0
511 silly lockFile 432c5b2b-gulp-size-1-1-0 gulp-size@^1.1.0
512 http 304 https://registry.npmjs.org/gulp-sourcemaps
513 silly registry.get cb [ 304,
513 silly registry.get   { date: 'Wed, 13 May 2015 05:39:20 GMT',
513 silly registry.get     via: '1.1 varnish',
513 silly registry.get     'cache-control': 'max-age=60',
513 silly registry.get     etag: '"AWIJGM96T5BYBUCNNBBAGNBMF"',
513 silly registry.get     age: '19',
513 silly registry.get     connection: 'keep-alive',
513 silly registry.get     'x-served-by': 'cache-nrt6120-NRT',
513 silly registry.get     'x-cache': 'HIT',
513 silly registry.get     'x-cache-hits': '1',
513 silly registry.get     'x-timer': 'S1431495560.514374,VS0,VE0',
513 silly registry.get     vary: 'Accept' } ]
514 verbose etag https://registry.npmjs.org/gulp-sourcemaps from cache
515 silly addNameRange number 2 { name: 'gulp-sourcemaps',
515 silly addNameRange   range: '>=1.3.0-0 <2.0.0-0',
515 silly addNameRange   hasData: true }
516 silly addNameRange versions [ 'gulp-sourcemaps',
516 silly addNameRange   [ '0.2.0',
516 silly addNameRange     '0.2.1',
516 silly addNameRange     '0.3.0',
516 silly addNameRange     '0.3.1',
516 silly addNameRange     '0.4.0',
516 silly addNameRange     '0.4.1',
516 silly addNameRange     '0.4.2',
516 silly addNameRange     '0.4.3',
516 silly addNameRange     '0.4.4',
516 silly addNameRange     '0.4.5',
516 silly addNameRange     '0.4.6',
516 silly addNameRange     '1.0.0',
516 silly addNameRange     '1.1.0',
516 silly addNameRange     '1.1.1',
516 silly addNameRange     '1.1.2',
516 silly addNameRange     '1.1.3',
516 silly addNameRange     '1.1.4',
516 silly addNameRange     '1.1.5',
516 silly addNameRange     '1.2.0',
516 silly addNameRange     '1.2.1',
516 silly addNameRange     '1.2.2',
516 silly addNameRange     '1.2.3',
516 silly addNameRange     '1.2.4',
516 silly addNameRange     '1.2.5',
516 silly addNameRange     '1.2.6',
516 silly addNameRange     '1.2.7',
516 silly addNameRange     '1.2.8',
516 silly addNameRange     '1.3.0',
516 silly addNameRange     '1.4.0',
516 silly addNameRange     '1.5.0',
516 silly addNameRange     '1.5.1',
516 silly addNameRange     '1.5.2' ] ]
517 verbose addNamed [ 'gulp-sourcemaps', '1.5.2' ]
518 verbose addNamed [ '1.5.2', '1.5.2' ]
519 silly lockFile b250b45d-gulp-sourcemaps-1-5-2 gulp-sourcemaps@1.5.2
520 verbose lock gulp-sourcemaps@1.5.2 /Users/liyuhua/.npm/b250b45d-gulp-sourcemaps-1-5-2.lock
521 silly lockFile b250b45d-gulp-sourcemaps-1-5-2 gulp-sourcemaps@1.5.2
522 silly lockFile b250b45d-gulp-sourcemaps-1-5-2 gulp-sourcemaps@1.5.2
523 silly lockFile be840bb3-gulp-sourcemaps-1-3-0 gulp-sourcemaps@^1.3.0
524 silly lockFile be840bb3-gulp-sourcemaps-1-3-0 gulp-sourcemaps@^1.3.0
525 http 304 https://registry.npmjs.org/opn
526 silly registry.get cb [ 304,
526 silly registry.get   { date: 'Wed, 13 May 2015 05:39:20 GMT',
526 silly registry.get     via: '1.1 varnish',
526 silly registry.get     'cache-control': 'max-age=60',
526 silly registry.get     etag: '"8TCA2Z8P9KVKJEBFZIKG03A8Z"',
526 silly registry.get     age: '23',
526 silly registry.get     connection: 'keep-alive',
526 silly registry.get     'x-served-by': 'cache-nrt6120-NRT',
526 silly registry.get     'x-cache': 'HIT',
526 silly registry.get     'x-cache-hits': '2',
526 silly registry.get     'x-timer': 'S1431495560.656084,VS0,VE0',
526 silly registry.get     vary: 'Accept' } ]
527 verbose etag https://registry.npmjs.org/opn from cache
528 silly addNameRange number 2 { name: 'opn', range: '>=1.0.0-0 <2.0.0-0', hasData: true }
529 silly addNameRange versions [ 'opn',
529 silly addNameRange   [ '0.1.0', '0.1.1', '0.1.2', '1.0.0', '1.0.1', '1.0.2' ] ]
530 verbose addNamed [ 'opn', '1.0.2' ]
531 verbose addNamed [ '1.0.2', '1.0.2' ]
532 silly lockFile 6e420d73-opn-1-0-2 opn@1.0.2
533 verbose lock opn@1.0.2 /Users/liyuhua/.npm/6e420d73-opn-1-0-2.lock
534 silly lockFile 6e420d73-opn-1-0-2 opn@1.0.2
535 silly lockFile 6e420d73-opn-1-0-2 opn@1.0.2
536 silly lockFile 3ddbaf46-opn-1-0-0 opn@^1.0.0
537 silly lockFile 3ddbaf46-opn-1-0-0 opn@^1.0.0
538 http 304 https://registry.npmjs.org/gulp-uglify
539 silly registry.get cb [ 304,
539 silly registry.get   { date: 'Wed, 13 May 2015 05:39:20 GMT',
539 silly registry.get     via: '1.1 varnish',
539 silly registry.get     'cache-control': 'max-age=60',
539 silly registry.get     etag: '"1RJVP9MZFETQR2Q41G2HAHLKX"',
539 silly registry.get     age: '0',
539 silly registry.get     connection: 'keep-alive',
539 silly registry.get     'x-served-by': 'cache-nrt6120-NRT',
539 silly registry.get     'x-cache': 'HIT',
539 silly registry.get     'x-cache-hits': '1',
539 silly registry.get     'x-timer': 'S1431495560.733310,VS0,VE183',
539 silly registry.get     vary: 'Accept' } ]
540 verbose etag https://registry.npmjs.org/gulp-uglify from cache
541 silly addNameRange number 2 { name: 'gulp-uglify',
541 silly addNameRange   range: '>=1.0.1-0 <2.0.0-0',
541 silly addNameRange   hasData: true }
542 silly addNameRange versions [ 'gulp-uglify',
542 silly addNameRange   [ '0.0.1',
542 silly addNameRange     '0.0.3',
542 silly addNameRange     '0.0.4',
542 silly addNameRange     '0.1.0',
542 silly addNameRange     '0.2.0',
542 silly addNameRange     '0.2.1',
542 silly addNameRange     '0.3.0',
542 silly addNameRange     '0.3.1',
542 silly addNameRange     '0.3.2',
542 silly addNameRange     '1.0.0-0',
542 silly addNameRange     '1.0.0',
542 silly addNameRange     '1.0.1',
542 silly addNameRange     '1.0.2',
542 silly addNameRange     '1.1.0',
542 silly addNameRange     '1.2.0' ] ]
543 verbose addNamed [ 'gulp-uglify', '1.2.0' ]
544 verbose addNamed [ '1.2.0', '1.2.0' ]
545 silly lockFile 9d272576-gulp-uglify-1-2-0 gulp-uglify@1.2.0
546 verbose lock gulp-uglify@1.2.0 /Users/liyuhua/.npm/9d272576-gulp-uglify-1-2-0.lock
547 silly lockFile 9d272576-gulp-uglify-1-2-0 gulp-uglify@1.2.0
548 silly lockFile 9d272576-gulp-uglify-1-2-0 gulp-uglify@1.2.0
549 silly lockFile 4e13f792-gulp-uglify-1-0-1 gulp-uglify@^1.0.1
550 silly lockFile 4e13f792-gulp-uglify-1-0-1 gulp-uglify@^1.0.1
551 http 304 https://registry.npmjs.org/jshint-stylish
552 silly registry.get cb [ 304,
552 silly registry.get   { date: 'Wed, 13 May 2015 05:39:20 GMT',
552 silly registry.get     via: '1.1 varnish',
552 silly registry.get     'cache-control': 'max-age=60',
552 silly registry.get     etag: '"BWWS2HLRCU93ZDN3VAJ4N34Y8"',
552 silly registry.get     age: '0',
552 silly registry.get     connection: 'keep-alive',
552 silly registry.get     'x-served-by': 'cache-nrt6120-NRT',
552 silly registry.get     'x-cache': 'HIT',
552 silly registry.get     'x-cache-hits': '1',
552 silly registry.get     'x-timer': 'S1431495560.993532,VS0,VE180',
552 silly registry.get     vary: 'Accept' } ]
553 verbose etag https://registry.npmjs.org/jshint-stylish from cache
554 silly addNameRange number 2 { name: 'jshint-stylish',
554 silly addNameRange   range: '>=1.0.0-0 <2.0.0-0',
554 silly addNameRange   hasData: true }
555 silly addNameRange versions [ 'jshint-stylish',
555 silly addNameRange   [ '0.1.0',
555 silly addNameRange     '0.1.1',
555 silly addNameRange     '0.1.2',
555 silly addNameRange     '0.1.3',
555 silly addNameRange     '0.1.4',
555 silly addNameRange     '0.1.5',
555 silly addNameRange     '0.2.0',
555 silly addNameRange     '0.3.0',
555 silly addNameRange     '0.4.0',
555 silly addNameRange     '1.0.0',
555 silly addNameRange     '1.0.1',
555 silly addNameRange     '1.0.2' ] ]
556 verbose addNamed [ 'jshint-stylish', '1.0.2' ]
557 verbose addNamed [ '1.0.2', '1.0.2' ]
558 silly lockFile 354bbbdb-jshint-stylish-1-0-2 jshint-stylish@1.0.2
559 verbose lock jshint-stylish@1.0.2 /Users/liyuhua/.npm/354bbbdb-jshint-stylish-1-0-2.lock
560 silly lockFile 354bbbdb-jshint-stylish-1-0-2 jshint-stylish@1.0.2
561 silly lockFile 354bbbdb-jshint-stylish-1-0-2 jshint-stylish@1.0.2
562 silly lockFile 522e2e8d-jshint-stylish-1-0-0 jshint-stylish@^1.0.0
563 silly lockFile 522e2e8d-jshint-stylish-1-0-0 jshint-stylish@^1.0.0
564 http 304 https://registry.npmjs.org/gulp-useref
565 silly registry.get cb [ 304,
565 silly registry.get   { date: 'Wed, 13 May 2015 05:39:21 GMT',
565 silly registry.get     via: '1.1 varnish',
565 silly registry.get     'cache-control': 'max-age=60',
565 silly registry.get     etag: '"344O5TTVWHVIOM8FYMHVPQNVP"',
565 silly registry.get     age: '20',
565 silly registry.get     connection: 'keep-alive',
565 silly registry.get     'x-served-by': 'cache-nrt6120-NRT',
565 silly registry.get     'x-cache': 'HIT',
565 silly registry.get     'x-cache-hits': '1',
565 silly registry.get     'x-timer': 'S1431495561.256013,VS0,VE0',
565 silly registry.get     vary: 'Accept' } ]
566 verbose etag https://registry.npmjs.org/gulp-useref from cache
567 silly addNameRange number 2 { name: 'gulp-useref',
567 silly addNameRange   range: '>=1.0.2-0 <2.0.0-0',
567 silly addNameRange   hasData: true }
568 silly addNameRange versions [ 'gulp-useref',
568 silly addNameRange   [ '0.1.0',
568 silly addNameRange     '0.1.1',
568 silly addNameRange     '0.1.2',
568 silly addNameRange     '0.2.0',
568 silly addNameRange     '0.2.1',
568 silly addNameRange     '0.2.2',
568 silly addNameRange     '0.3.0',
568 silly addNameRange     '0.3.1',
568 silly addNameRange     '0.4.0',
568 silly addNameRange     '0.4.1',
568 silly addNameRange     '0.4.2',
568 silly addNameRange     '0.4.3',
568 silly addNameRange     '0.4.4',
568 silly addNameRange     '0.4.5',
568 silly addNameRange     '0.5.0',
568 silly addNameRange     '0.6.0',
568 silly addNameRange     '1.0.0',
568 silly addNameRange     '1.0.1',
568 silly addNameRange     '1.0.2',
568 silly addNameRange     '1.1.0',
568 silly addNameRange     '1.1.1',
568 silly addNameRange     '1.1.2' ] ]
569 verbose addNamed [ 'gulp-useref', '1.1.2' ]
570 verbose addNamed [ '1.1.2', '1.1.2' ]
571 silly lockFile 56c8b688-gulp-useref-1-1-2 gulp-useref@1.1.2
572 verbose lock gulp-useref@1.1.2 /Users/liyuhua/.npm/56c8b688-gulp-useref-1-1-2.lock
573 silly lockFile 56c8b688-gulp-useref-1-1-2 gulp-useref@1.1.2
574 silly lockFile 56c8b688-gulp-useref-1-1-2 gulp-useref@1.1.2
575 silly lockFile 906496ab-gulp-useref-1-0-2 gulp-useref@^1.0.2
576 silly lockFile 906496ab-gulp-useref-1-0-2 gulp-useref@^1.0.2
577 http 304 https://registry.npmjs.org/main-bower-files
578 silly registry.get cb [ 304,
578 silly registry.get   { date: 'Wed, 13 May 2015 05:39:21 GMT',
578 silly registry.get     via: '1.1 varnish',
578 silly registry.get     'cache-control': 'max-age=60',
578 silly registry.get     etag: '"6AB1AN07FDBZSWYZ6TLGFVPLS"',
578 silly registry.get     age: '0',
578 silly registry.get     connection: 'keep-alive',
578 silly registry.get     'x-served-by': 'cache-nrt6120-NRT',
578 silly registry.get     'x-cache': 'HIT',
578 silly registry.get     'x-cache-hits': '1',
578 silly registry.get     'x-timer': 'S1431495561.340738,VS0,VE130',
578 silly registry.get     vary: 'Accept' } ]
579 verbose etag https://registry.npmjs.org/main-bower-files from cache
580 silly addNameRange number 2 { name: 'main-bower-files',
580 silly addNameRange   range: '>=2.5.0-0 <3.0.0-0',
580 silly addNameRange   hasData: true }
581 silly addNameRange versions [ 'main-bower-files',
581 silly addNameRange   [ '0.0.0',
581 silly addNameRange     '1.0.0',
581 silly addNameRange     '1.0.1',
581 silly addNameRange     '1.0.2',
581 silly addNameRange     '1.0.3',
581 silly addNameRange     '2.0.0',
581 silly addNameRange     '2.1.0',
581 silly addNameRange     '2.2.0',
581 silly addNameRange     '2.3.0',
581 silly addNameRange     '2.4.0',
581 silly addNameRange     '2.4.1',
581 silly addNameRange     '2.4.2',
581 silly addNameRange     '2.5.0',
581 silly addNameRange     '2.6.1',
581 silly addNameRange     '2.6.2',
581 silly addNameRange     '2.7.0',
581 silly addNameRange     '2.7.1' ] ]
582 verbose addNamed [ 'main-bower-files', '2.7.1' ]
583 verbose addNamed [ '2.7.1', '2.7.1' ]
584 silly lockFile fc95f980-main-bower-files-2-7-1 main-bower-files@2.7.1
585 verbose lock main-bower-files@2.7.1 /Users/liyuhua/.npm/fc95f980-main-bower-files-2-7-1.lock
586 silly lockFile fc95f980-main-bower-files-2-7-1 main-bower-files@2.7.1
587 silly lockFile fc95f980-main-bower-files-2-7-1 main-bower-files@2.7.1
588 silly lockFile 6c6e87d0-main-bower-files-2-5-0 main-bower-files@^2.5.0
589 silly lockFile 6c6e87d0-main-bower-files-2-5-0 main-bower-files@^2.5.0
590 http 304 https://registry.npmjs.org/wiredep
591 silly registry.get cb [ 304,
591 silly registry.get   { date: 'Wed, 13 May 2015 05:39:21 GMT',
591 silly registry.get     via: '1.1 varnish',
591 silly registry.get     'cache-control': 'max-age=60',
591 silly registry.get     etag: '"699QJ5B6K4KE3QW90HA9AM10M"',
591 silly registry.get     age: '20',
591 silly registry.get     connection: 'keep-alive',
591 silly registry.get     'x-served-by': 'cache-nrt6120-NRT',
591 silly registry.get     'x-cache': 'HIT',
591 silly registry.get     'x-cache-hits': '1',
591 silly registry.get     'x-timer': 'S1431495561.547045,VS0,VE0',
591 silly registry.get     vary: 'Accept' } ]
592 verbose etag https://registry.npmjs.org/wiredep from cache
593 silly addNameRange number 2 { name: 'wiredep', range: '>=2.0.0-0 <3.0.0-0', hasData: true }
594 silly addNameRange versions [ 'wiredep',
594 silly addNameRange   [ '0.1.0',
594 silly addNameRange     '0.1.1',
594 silly addNameRange     '0.1.2',
594 silly addNameRange     '0.1.4',
594 silly addNameRange     '0.1.5',
594 silly addNameRange     '0.1.6',
594 silly addNameRange     '0.1.7',
594 silly addNameRange     '0.1.8',
594 silly addNameRange     '0.2.0',
594 silly addNameRange     '0.3.0',
594 silly addNameRange     '0.3.1',
594 silly addNameRange     '0.4.0',
594 silly addNameRange     '0.4.1',
594 silly addNameRange     '0.4.2',
594 silly addNameRange     '0.5.0',
594 silly addNameRange     '0.5.1',
594 silly addNameRange     '0.5.2',
594 silly addNameRange     '1.0.0',
594 silly addNameRange     '1.1.0',
594 silly addNameRange     '1.1.1',
594 silly addNameRange     '1.2.0',
594 silly addNameRange     '1.2.1',
594 silly addNameRange     '1.2.2',
594 silly addNameRange     '1.3.0',
594 silly addNameRange     '1.3.1',
594 silly addNameRange     '1.3.2',
594 silly addNameRange     '1.3.3',
594 silly addNameRange     '1.4.0',
594 silly addNameRange     '1.4.1',
594 silly addNameRange     '1.4.2',
594 silly addNameRange     '1.4.3',
594 silly addNameRange     '1.4.4',
594 silly addNameRange     '1.5.0',
594 silly addNameRange     '1.6.0',
594 silly addNameRange     '1.6.1',
594 silly addNameRange     '1.6.2',
594 silly addNameRange     '1.7.0',
594 silly addNameRange     '1.7.1',
594 silly addNameRange     '1.7.2',
594 silly addNameRange     '1.7.3',
594 silly addNameRange     '1.8.0',
594 silly addNameRange     '1.8.1',
594 silly addNameRange     '1.8.2',
594 silly addNameRange     '1.8.3',
594 silly addNameRange     '1.8.4',
594 silly addNameRange     '1.8.5',
594 silly addNameRange     '1.8.6',
594 silly addNameRange     '2.0.0',
594 silly addNameRange     '2.0.1',
594 silly addNameRange     '2.1.0',
594 silly addNameRange     '2.2.0',
594 silly addNameRange     '2.2.1',
594 silly addNameRange     '2.2.2' ] ]
595 verbose addNamed [ 'wiredep', '2.2.2' ]
596 verbose addNamed [ '2.2.2', '2.2.2' ]
597 silly lockFile 1df73d19-wiredep-2-2-2 wiredep@2.2.2
598 verbose lock wiredep@2.2.2 /Users/liyuhua/.npm/1df73d19-wiredep-2-2-2.lock
599 silly lockFile 1df73d19-wiredep-2-2-2 wiredep@2.2.2
600 silly lockFile 1df73d19-wiredep-2-2-2 wiredep@2.2.2
601 silly lockFile a9002c2d-wiredep-2-0-0 wiredep@^2.0.0
602 silly lockFile a9002c2d-wiredep-2-0-0 wiredep@^2.0.0
603 http 304 https://registry.npmjs.org/autoprefixer-core
604 silly registry.get cb [ 304,
604 silly registry.get   { date: 'Wed, 13 May 2015 05:39:21 GMT',
604 silly registry.get     via: '1.1 varnish',
604 silly registry.get     'cache-control': 'max-age=60',
604 silly registry.get     etag: '"47KJVNAQNKZ1YSCE8ZD5MTFWA"',
604 silly registry.get     age: '51',
604 silly registry.get     connection: 'keep-alive',
604 silly registry.get     'x-served-by': 'cache-nrt6120-NRT',
604 silly registry.get     'x-cache': 'HIT',
604 silly registry.get     'x-cache-hits': '2',
604 silly registry.get     'x-timer': 'S1431495561.624968,VS0,VE0',
604 silly registry.get     vary: 'Accept' } ]
605 verbose etag https://registry.npmjs.org/autoprefixer-core from cache
606 silly addNameRange number 2 { name: 'autoprefixer-core',
606 silly addNameRange   range: '>=4.0.2-0 <5.0.0-0',
606 silly addNameRange   hasData: true }
607 silly addNameRange versions [ 'autoprefixer-core',
607 silly addNameRange   [ '3.0.0',
607 silly addNameRange     '3.0.1',
607 silly addNameRange     '3.1.0',
607 silly addNameRange     '3.1.1',
607 silly addNameRange     '3.1.2',
607 silly addNameRange     '4.0.0',
607 silly addNameRange     '4.0.1',
607 silly addNameRange     '4.0.2',
607 silly addNameRange     '5.0.0',
607 silly addNameRange     '5.1.0',
607 silly addNameRange     '5.1.1',
607 silly addNameRange     '5.1.2',
607 silly addNameRange     '5.1.3',
607 silly addNameRange     '5.1.4',
607 silly addNameRange     '5.1.5',
607 silly addNameRange     '5.1.6',
607 silly addNameRange     '5.1.7',
607 silly addNameRange     '5.1.8',
607 silly addNameRange     '5.1.9',
607 silly addNameRange     '5.1.10',
607 silly addNameRange     '5.1.11' ] ]
608 verbose addNamed [ 'autoprefixer-core', '4.0.2' ]
609 verbose addNamed [ '4.0.2', '4.0.2' ]
610 silly lockFile f24cfbaa-autoprefixer-core-4-0-2 autoprefixer-core@4.0.2
611 verbose lock autoprefixer-core@4.0.2 /Users/liyuhua/.npm/f24cfbaa-autoprefixer-core-4-0-2.lock
612 silly lockFile d2e20cb3-core-autoprefixer-core-4-0-2-tgz https://registry.npmjs.org/autoprefixer-core/-/autoprefixer-core-4.0.2.tgz
613 verbose lock https://registry.npmjs.org/autoprefixer-core/-/autoprefixer-core-4.0.2.tgz /Users/liyuhua/.npm/d2e20cb3-core-autoprefixer-core-4-0-2-tgz.lock
614 verbose addRemoteTarball [ 'https://registry.npmjs.org/autoprefixer-core/-/autoprefixer-core-4.0.2.tgz',
614 verbose addRemoteTarball   '4298e3928dfba58d1e33a0f43d68b3c31508b6fe' ]
615 info retry fetch attempt 1 at 13:39:21
616 verbose fetch to= /var/folders/1j/jfxvjt9j5z16c2p6vytjpslh0000gq/T/npm-1640-8PLz-Pno/registry.npmjs.org/autoprefixer-core/-/autoprefixer-core-4.0.2.tgz
617 http GET https://registry.npmjs.org/autoprefixer-core/-/autoprefixer-core-4.0.2.tgz
618 http 304 https://registry.npmjs.org/browser-sync
619 silly registry.get cb [ 304,
619 silly registry.get   { date: 'Wed, 13 May 2015 05:39:21 GMT',
619 silly registry.get     via: '1.1 varnish',
619 silly registry.get     'cache-control': 'max-age=60',
619 silly registry.get     etag: '"4SBVN9YUXU9OFRJL2XFI3XF9K"',
619 silly registry.get     age: '20',
619 silly registry.get     connection: 'keep-alive',
619 silly registry.get     'x-served-by': 'cache-nrt6120-NRT',
619 silly registry.get     'x-cache': 'HIT',
619 silly registry.get     'x-cache-hits': '1',
619 silly registry.get     'x-timer': 'S1431495561.749193,VS0,VE1',
619 silly registry.get     vary: 'Accept' } ]
620 verbose etag https://registry.npmjs.org/browser-sync from cache
621 silly addNameRange number 2 { name: 'browser-sync',
621 silly addNameRange   range: '>=1.8.2-0 <2.0.0-0',
621 silly addNameRange   hasData: true }
622 silly addNameRange versions [ 'browser-sync',
622 silly addNameRange   [ '0.1.0',
622 silly addNameRange     '0.1.1',
622 silly addNameRange     '0.1.3',
622 silly addNameRange     '0.1.5',
622 silly addNameRange     '0.1.6',
622 silly addNameRange     '0.1.7',
622 silly addNameRange     '0.1.8',
622 silly addNameRange     '0.1.9',
622 silly addNameRange     '0.1.10',
622 silly addNameRange     '0.2.0',
622 silly addNameRange     '0.2.1',
622 silly addNameRange     '0.3.0',
622 silly addNameRange     '0.3.1',
622 silly addNameRange     '0.3.2',
622 silly addNameRange     '0.3.3',
622 silly addNameRange     '0.3.4',
622 silly addNameRange     '0.3.5',
622 silly addNameRange     '0.3.6',
622 silly addNameRange     '0.3.7',
622 silly addNameRange     '0.3.8',
622 silly addNameRange     '0.3.10',
622 silly addNameRange     '0.4.0',
622 silly addNameRange     '0.4.1',
622 silly addNameRange     '0.4.2',
622 silly addNameRange     '0.4.21',
622 silly addNameRange     '0.4.3',
622 silly addNameRange     '0.4.4',
622 silly addNameRange     '0.4.5',
622 silly addNameRange     '0.4.6',
622 silly addNameRange     '0.4.7',
622 silly addNameRange     '0.4.8',
622 silly addNameRange     '0.4.9',
622 silly addNameRange     '0.4.10',
622 silly addNameRange     '0.4.11',
622 silly addNameRange     '0.4.12',
622 silly addNameRange     '0.5.0',
622 silly addNameRange     '0.5.1',
622 silly addNameRange     '0.5.2',
622 silly addNameRange     '0.5.3',
622 silly addNameRange     '0.5.4',
622 silly addNameRange     '0.5.5',
622 silly addNameRange     '0.5.6',
622 silly addNameRange     '0.5.7',
622 silly addNameRange     '0.5.8',
622 silly addNameRange     '0.5.9',
622 silly addNameRange     '0.6.0',
622 silly addNameRange     '0.6.1',
622 silly addNameRange     '0.6.2',
622 silly addNameRange     '0.7.0',
622 silly addNameRange     '0.7.1',
622 silly addNameRange     '0.7.2',
622 silly addNameRange     '0.7.3',
622 silly addNameRange     '0.7.4',
622 silly addNameRange     '0.7.5',
622 silly addNameRange     '0.7.7',
622 silly addNameRange     '0.8.0',
622 silly addNameRange     '0.8.1',
622 silly addNameRange     '0.8.2',
622 silly addNameRange     '0.9.0',
622 silly addNameRange     '0.9.1',
622 silly addNameRange     '1.0.0',
622 silly addNameRange     '1.1.0',
622 silly addNameRange     '1.1.1',
622 silly addNameRange     '1.1.2',
622 silly addNameRange     '1.2.0',
622 silly addNameRange     '1.2.1',
622 silly addNameRange     '1.3.0',
622 silly addNameRange     '1.3.2',
622 silly addNameRange     '1.3.3',
622 silly addNameRange     '1.3.4',
622 silly addNameRange     '1.3.5',
622 silly addNameRange     '1.3.6',
622 silly addNameRange     '1.3.7',
622 silly addNameRange     '1.5.0',
622 silly addNameRange     '1.5.1',
622 silly addNameRange     '1.5.2',
622 silly addNameRange     '1.5.3',
622 silly addNameRange     '1.5.4',
622 silly addNameRange     '1.5.5',
622 silly addNameRange     '1.5.6',
622 silly addNameRange     '1.5.7',
622 silly addNameRange     '1.5.8',
622 silly addNameRange     '1.5.9',
622 silly addNameRange     '1.6.0',
622 silly addNameRange     '1.6.1',
622 silly addNameRange     '1.6.2',
622 silly addNameRange     '1.6.3',
622 silly addNameRange     '1.6.4',
622 silly addNameRange     '1.6.5',
622 silly addNameRange     '1.7.0',
622 silly addNameRange     '1.7.1',
622 silly addNameRange     '1.7.2',
622 silly addNameRange     '1.7.3',
622 silly addNameRange     '1.8.0',
622 silly addNameRange     '1.8.1',
622 silly addNameRange     '1.8.2',
622 silly addNameRange     '1.8.3',
622 silly addNameRange     '1.9.0',
622 silly addNameRange     '1.9.1',
622 silly addNameRange     '2.0.0-rc1',
622 silly addNameRange     '2.0.0-rc2',
622 silly addNameRange     '2.0.0-rc3',
622 silly addNameRange     '2.0.0-rc4',
622 silly addNameRange     '2.0.0-rc5',
622 silly addNameRange     '2.0.0-rc6',
622 silly addNameRange     '2.0.0-rc7',
622 silly addNameRange     '2.0.0-rc8',
622 silly addNameRange     '2.0.0-rc9',
622 silly addNameRange     '2.0.0-rc10',
622 silly addNameRange     '2.0.0',
622 silly addNameRange     '2.0.1',
622 silly addNameRange     '2.1.0',
622 silly addNameRange     '2.1.1',
622 silly addNameRange     '2.1.2',
622 silly addNameRange     '2.1.3',
622 silly addNameRange     '2.1.4',
622 silly addNameRange     '2.1.6',
622 silly addNameRange     '2.2.0',
622 silly addNameRange     '2.2.1',
622 silly addNameRange     '2.2.2',
622 silly addNameRange     '2.2.3',
622 silly addNameRange     '2.2.4',
622 silly addNameRange     '2.2.5',
622 silly addNameRange     '2.3.0',
622 silly addNameRange     '2.3.1',
622 silly addNameRange     '2.3.2',
622 silly addNameRange     '2.4.0',
622 silly addNameRange     '2.4.1',
622 silly addNameRange     '2.5.0',
622 silly addNameRange     '2.5.1',
622 silly addNameRange     '2.5.2',
622 silly addNameRange     '2.5.3',
622 silly addNameRange     '2.6.0',
622 silly addNameRange     '2.6.1',
622 silly addNameRange     '2.6.2',
622 silly addNameRange     '2.6.3',
622 silly addNameRange     '2.6.4',
622 silly addNameRange     '2.6.5',
622 silly addNameRange     '2.6.6',
622 silly addNameRange     '1.9.2',
622 silly addNameRange     '2.6.7',
622 silly addNameRange     '2.6.8',
622 silly addNameRange     '2.6.9',
622 silly addNameRange     '2.6.10',
622 silly addNameRange     '2.6.11',
622 silly addNameRange     '2.7.0',
622 silly addNameRange     '2.7.1' ] ]
623 verbose addNamed [ 'browser-sync', '1.9.2' ]
624 verbose addNamed [ '1.9.2', '1.9.2' ]
625 silly lockFile 37f89bfd-browser-sync-1-9-2 browser-sync@1.9.2
626 verbose lock browser-sync@1.9.2 /Users/liyuhua/.npm/37f89bfd-browser-sync-1-9-2.lock
627 silly lockFile 37f89bfd-browser-sync-1-9-2 browser-sync@1.9.2
628 silly lockFile 37f89bfd-browser-sync-1-9-2 browser-sync@1.9.2
629 silly lockFile 5ad4d6bf-browser-sync-1-8-2 browser-sync@^1.8.2
630 silly lockFile 5ad4d6bf-browser-sync-1-8-2 browser-sync@^1.8.2
631 http 304 https://registry.npmjs.org/gulp-csso
632 silly registry.get cb [ 304,
632 silly registry.get   { date: 'Wed, 13 May 2015 05:39:22 GMT',
632 silly registry.get     via: '1.1 varnish',
632 silly registry.get     'cache-control': 'max-age=60',
632 silly registry.get     etag: '"9M280QDN60YXTU3CAKDQ12X9N"',
632 silly registry.get     age: '20',
632 silly registry.get     connection: 'keep-alive',
632 silly registry.get     'x-served-by': 'cache-nrt6126-NRT',
632 silly registry.get     'x-cache': 'HIT',
632 silly registry.get     'x-cache-hits': '1',
632 silly registry.get     'x-timer': 'S1431495562.140407,VS0,VE0',
632 silly registry.get     vary: 'Accept' } ]
633 verbose etag https://registry.npmjs.org/gulp-csso from cache
634 http 304 https://registry.npmjs.org/gulp-if
635 silly registry.get cb [ 304,
635 silly registry.get   { date: 'Wed, 13 May 2015 05:39:22 GMT',
635 silly registry.get     via: '1.1 varnish',
635 silly registry.get     'cache-control': 'max-age=60',
635 silly registry.get     etag: '"7IVMU802E4E6AK83L3EVC5ULO"',
635 silly registry.get     age: '19',
635 silly registry.get     connection: 'keep-alive',
635 silly registry.get     'x-served-by': 'cache-nrt6120-NRT',
635 silly registry.get     'x-cache': 'HIT',
635 silly registry.get     'x-cache-hits': '1',
635 silly registry.get     'x-timer': 'S1431495562.139894,VS0,VE0',
635 silly registry.get     vary: 'Accept' } ]
636 verbose etag https://registry.npmjs.org/gulp-if from cache
637 silly addNameRange number 2 { name: 'gulp-csso', range: '>=0.2.6-0 <0.3.0-0', hasData: true }
638 silly addNameRange versions [ 'gulp-csso',
638 silly addNameRange   [ '0.1.0',
638 silly addNameRange     '0.1.1',
638 silly addNameRange     '0.1.2',
638 silly addNameRange     '0.1.3',
638 silly addNameRange     '0.1.4',
638 silly addNameRange     '0.1.5',
638 silly addNameRange     '0.1.6',
638 silly addNameRange     '0.1.7',
638 silly addNameRange     '0.1.8',
638 silly addNameRange     '0.2.0',
638 silly addNameRange     '0.2.1',
638 silly addNameRange     '0.2.2',
638 silly addNameRange     '0.2.3',
638 silly addNameRange     '0.2.4',
638 silly addNameRange     '0.2.5',
638 silly addNameRange     '0.2.6',
638 silly addNameRange     '0.2.7',
638 silly addNameRange     '0.2.8',
638 silly addNameRange     '0.2.9',
638 silly addNameRange     '1.0.0' ] ]
639 verbose addNamed [ 'gulp-csso', '0.2.9' ]
640 verbose addNamed [ '0.2.9', '0.2.9' ]
641 silly lockFile f21fa682-gulp-csso-0-2-9 gulp-csso@0.2.9
642 verbose lock gulp-csso@0.2.9 /Users/liyuhua/.npm/f21fa682-gulp-csso-0-2-9.lock
643 silly addNameRange number 2 { name: 'gulp-if', range: '>=1.2.1-0 <2.0.0-0', hasData: true }
644 silly addNameRange versions [ 'gulp-if',
644 silly addNameRange   [ '0.0.3',
644 silly addNameRange     '0.0.4',
644 silly addNameRange     '0.0.5',
644 silly addNameRange     '1.0.0',
644 silly addNameRange     '1.1.0',
644 silly addNameRange     '1.2.0',
644 silly addNameRange     '1.2.1',
644 silly addNameRange     '1.2.2',
644 silly addNameRange     '1.2.3',
644 silly addNameRange     '1.2.4',
644 silly addNameRange     '1.2.5' ] ]
645 verbose addNamed [ 'gulp-if', '1.2.5' ]
646 verbose addNamed [ '1.2.5', '1.2.5' ]
647 silly lockFile b6784936-gulp-if-1-2-5 gulp-if@1.2.5
648 verbose lock gulp-if@1.2.5 /Users/liyuhua/.npm/b6784936-gulp-if-1-2-5.lock
649 silly lockFile f21fa682-gulp-csso-0-2-9 gulp-csso@0.2.9
650 silly lockFile f21fa682-gulp-csso-0-2-9 gulp-csso@0.2.9
651 silly lockFile 0b1a22cf-gulp-csso-0-2-6 gulp-csso@^0.2.6
652 silly lockFile 0b1a22cf-gulp-csso-0-2-6 gulp-csso@^0.2.6
653 silly lockFile b6784936-gulp-if-1-2-5 gulp-if@1.2.5
654 silly lockFile b6784936-gulp-if-1-2-5 gulp-if@1.2.5
655 silly lockFile 0fe6c0cf-gulp-if-1-2-1 gulp-if@^1.2.1
656 silly lockFile 0fe6c0cf-gulp-if-1-2-1 gulp-if@^1.2.1
657 http 304 https://registry.npmjs.org/gulp
658 silly registry.get cb [ 304,
658 silly registry.get   { date: 'Wed, 13 May 2015 05:39:22 GMT',
658 silly registry.get     via: '1.1 varnish',
658 silly registry.get     'cache-control': 'max-age=60',
658 silly registry.get     etag: '"39UIL4PB4PC9HGTR7U8Q54K4O"',
658 silly registry.get     age: '21',
658 silly registry.get     connection: 'keep-alive',
658 silly registry.get     'x-served-by': 'cache-nrt6134-NRT',
658 silly registry.get     'x-cache': 'HIT',
658 silly registry.get     'x-cache-hits': '4',
658 silly registry.get     'x-timer': 'S1431495562.220836,VS0,VE0',
658 silly registry.get     vary: 'Accept' } ]
659 verbose etag https://registry.npmjs.org/gulp from cache
660 http 304 https://registry.npmjs.org/del
661 silly registry.get cb [ 304,
661 silly registry.get   { date: 'Wed, 13 May 2015 05:39:22 GMT',
661 silly registry.get     via: '1.1 varnish',
661 silly registry.get     'cache-control': 'max-age=60',
661 silly registry.get     etag: '"AAW6S9CIQNJZR6RXCOOPTG6GZ"',
661 silly registry.get     age: '21',
661 silly registry.get     connection: 'keep-alive',
661 silly registry.get     'x-served-by': 'cache-nrt6125-NRT',
661 silly registry.get     'x-cache': 'HIT',
661 silly registry.get     'x-cache-hits': '1',
661 silly registry.get     'x-timer': 'S1431495562.220136,VS0,VE0',
661 silly registry.get     vary: 'Accept' } ]
662 verbose etag https://registry.npmjs.org/del from cache
663 silly addNameRange number 2 { name: 'del', range: '>=1.1.1-0 <2.0.0-0', hasData: true }
664 silly addNameRange versions [ 'del',
664 silly addNameRange   [ '0.1.0', '0.1.1', '0.1.2', '0.1.3', '1.0.0', '1.1.0', '1.1.1' ] ]
665 verbose addNamed [ 'del', '1.1.1' ]
666 verbose addNamed [ '1.1.1', '1.1.1' ]
667 silly lockFile 22ea674c-del-1-1-1 del@1.1.1
668 verbose lock del@1.1.1 /Users/liyuhua/.npm/22ea674c-del-1-1-1.lock
669 silly addNameRange number 2 { name: 'gulp', range: '>=3.6.0-0 <4.0.0-0', hasData: true }
670 silly addNameRange versions [ 'gulp',
670 silly addNameRange   [ '0.0.1',
670 silly addNameRange     '0.0.2',
670 silly addNameRange     '0.0.3',
670 silly addNameRange     '0.0.4',
670 silly addNameRange     '0.0.5',
670 silly addNameRange     '0.0.7',
670 silly addNameRange     '0.0.8',
670 silly addNameRange     '0.0.9',
670 silly addNameRange     '0.1.0',
670 silly addNameRange     '0.2.0',
670 silly addNameRange     '1.0.0',
670 silly addNameRange     '1.1.0',
670 silly addNameRange     '1.2.0',
670 silly addNameRange     '1.2.1',
670 silly addNameRange     '2.0.0',
670 silly addNameRange     '2.0.1',
670 silly addNameRange     '2.1.0',
670 silly addNameRange     '2.2.0',
670 silly addNameRange     '2.3.0',
670 silly addNameRange     '2.4.0',
670 silly addNameRange     '2.4.1',
670 silly addNameRange     '2.6.0',
670 silly addNameRange     '2.6.1',
670 silly addNameRange     '2.7.0',
670 silly addNameRange     '3.0.0',
670 silly addNameRange     '3.1.1',
670 silly addNameRange     '3.1.2',
670 silly addNameRange     '3.1.3',
670 silly addNameRange     '3.1.4',
670 silly addNameRange     '3.2.0',
670 silly addNameRange     '3.2.1',
670 silly addNameRange     '3.2.2',
670 silly addNameRange     '3.2.3',
670 silly addNameRange     '3.2.4',
670 silly addNameRange     '3.2.5',
670 silly addNameRange     '3.3.0',
670 silly addNameRange     '3.3.1',
670 silly addNameRange     '3.3.2',
670 silly addNameRange     '3.3.4',
670 silly addNameRange     '3.4.0',
670 silly addNameRange     '3.5.0',
670 silly addNameRange     '3.5.1',
670 silly addNameRange     '3.5.2',
670 silly addNameRange     '3.5.5',
670 silly addNameRange     '3.5.6',
670 silly addNameRange     '3.6.0',
670 silly addNameRange     '3.6.1',
670 silly addNameRange     '3.6.2',
670 silly addNameRange     '3.7.0',
670 silly addNameRange     '3.8.0',
670 silly addNameRange     '3.8.1',
670 silly addNameRange     '3.8.2',
670 silly addNameRange     '3.8.3',
670 silly addNameRange     '3.8.4',
670 silly addNameRange     '3.8.5',
670 silly addNameRange     '3.8.6',
670 silly addNameRange     '3.8.7',
670 silly addNameRange     '3.8.8',
670 silly addNameRange     '3.8.9',
670 silly addNameRange     '3.8.10',
670 silly addNameRange     '3.8.11' ] ]
671 verbose addNamed [ 'gulp', '3.8.11' ]
672 verbose addNamed [ '3.8.11', '3.8.11' ]
673 silly lockFile 3d31ec08-gulp-3-8-11 gulp@3.8.11
674 verbose lock gulp@3.8.11 /Users/liyuhua/.npm/3d31ec08-gulp-3-8-11.lock
675 silly lockFile 22ea674c-del-1-1-1 del@1.1.1
676 silly lockFile 22ea674c-del-1-1-1 del@1.1.1
677 silly lockFile 7493aa52-del-1-1-1 del@^1.1.1
678 silly lockFile 7493aa52-del-1-1-1 del@^1.1.1
679 silly lockFile 3d31ec08-gulp-3-8-11 gulp@3.8.11
680 silly lockFile 3d31ec08-gulp-3-8-11 gulp@3.8.11
681 silly lockFile 75cdcb5c-gulp-3-6-0 gulp@^3.6.0
682 silly lockFile 75cdcb5c-gulp-3-6-0 gulp@^3.6.0
683 http 200 https://registry.npmjs.org/autoprefixer-core/-/autoprefixer-core-4.0.2.tgz
684 silly lockFile d2e20cb3-core-autoprefixer-core-4-0-2-tgz https://registry.npmjs.org/autoprefixer-core/-/autoprefixer-core-4.0.2.tgz
685 silly lockFile d2e20cb3-core-autoprefixer-core-4-0-2-tgz https://registry.npmjs.org/autoprefixer-core/-/autoprefixer-core-4.0.2.tgz
686 silly lockFile f24cfbaa-autoprefixer-core-4-0-2 autoprefixer-core@4.0.2
687 silly lockFile f24cfbaa-autoprefixer-core-4-0-2 autoprefixer-core@4.0.2
688 silly lockFile 85c5ebcc-autoprefixer-core-4-0-2 autoprefixer-core@^4.0.2
689 silly lockFile 85c5ebcc-autoprefixer-core-4-0-2 autoprefixer-core@^4.0.2
690 error Error: EACCES, mkdir '/Users/liyuhua/.npm/autoprefixer-core/4.0.2'
690 error  { [Error: EACCES, mkdir '/Users/liyuhua/.npm/autoprefixer-core/4.0.2']
690 error   errno: 3,
690 error   code: 'EACCES',
690 error   path: '/Users/liyuhua/.npm/autoprefixer-core/4.0.2' }
691 error Please try running this command again as root/Administrator.
692 error System Darwin 14.0.0
693 error command "node" "/usr/local/bin/npm" "install"
694 error cwd /Users/liyuhua/petApp
695 error node -v v0.10.33
696 error npm -v 1.4.28
697 error path /Users/liyuhua/.npm/autoprefixer-core/4.0.2
698 error code EACCES
699 error errno 3
700 error stack Error: EACCES, mkdir '/Users/liyuhua/.npm/autoprefixer-core/4.0.2'
701 verbose exit [ 3, true ]
